<?xml version="1.0" ?>
<coverage version="7.13.5" timestamp="1780519473731" lines-valid="1835" lines-covered="1588" line-rate="0.8654" branches-valid="230" branches-covered="136" branch-rate="0.5913" complexity="0">
	<!-- Generated by coverage.py: https://coverage.readthedocs.io/en/7.13.5 -->
	<!-- Based on https://raw.githubusercontent.com/cobertura/web/master/htdocs/xml/coverage-04.dtd -->
	<sources>
		<source>C:\Users\Admin\Documents\GitHub\projekt_BSR\backend</source>
	</sources>
	<packages>
		<package name="." line-rate="0" branch-rate="0" complexity="0">
			<classes>
				<class name="app.py" filename="app.py" complexity="0" line-rate="0" branch-rate="0">
					<methods/>
					<lines>
						<line number="1" hits="0"/>
						<line number="3" hits="0"/>
						<line number="4" hits="0"/>
						<line number="5" hits="0"/>
						<line number="6" hits="0"/>
						<line number="8" hits="0"/>
						<line number="9" hits="0"/>
						<line number="11" hits="0"/>
						<line number="12" hits="0"/>
						<line number="13" hits="0"/>
						<line number="14" hits="0"/>
						<line number="16" hits="0"/>
						<line number="17" hits="0"/>
						<line number="18" hits="0"/>
						<line number="19" hits="0"/>
						<line number="22" hits="0"/>
						<line number="23" hits="0"/>
						<line number="24" hits="0"/>
						<line number="25" hits="0"/>
						<line number="26" hits="0"/>
						<line number="28" hits="0"/>
						<line number="30" hits="0"/>
						<line number="32" hits="0"/>
						<line number="33" hits="0"/>
						<line number="34" hits="0"/>
						<line number="36" hits="0"/>
						<line number="41" hits="0"/>
						<line number="50" hits="0"/>
						<line number="51" hits="0"/>
						<line number="52" hits="0"/>
						<line number="55" hits="0" branch="true" condition-coverage="0% (0/2)" missing-branches="exit,56"/>
						<line number="56" hits="0"/>
					</lines>
				</class>
			</classes>
		</package>
		<package name="auth" line-rate="0.8303" branch-rate="0.5714" complexity="0">
			<classes>
				<class name="__init__.py" filename="auth/__init__.py" complexity="0" line-rate="1" branch-rate="1">
					<methods/>
					<lines>
						<line number="1" hits="1"/>
						<line number="2" hits="1"/>
						<line number="3" hits="1"/>
						<line number="4" hits="1"/>
						<line number="5" hits="1"/>
					</lines>
				</class>
				<class name="auth_utils.py" filename="auth/auth_utils.py" complexity="0" line-rate="1" branch-rate="1">
					<methods/>
					<lines>
						<line number="3" hits="1"/>
						<line number="5" hits="1"/>
						<line number="6" hits="1"/>
						<line number="7" hits="1"/>
						<line number="8" hits="1"/>
						<line number="11" hits="1"/>
						<line number="12" hits="1"/>
						<line number="13" hits="1"/>
						<line number="14" hits="1"/>
						<line number="16" hits="1"/>
						<line number="17" hits="1"/>
						<line number="19" hits="1"/>
						<line number="21" hits="1"/>
						<line number="23" hits="1"/>
						<line number="25" hits="1"/>
						<line number="28" hits="1"/>
						<line number="30" hits="1"/>
						<line number="31" hits="1" branch="true" condition-coverage="100% (2/2)"/>
						<line number="32" hits="1"/>
						<line number="34" hits="1"/>
						<line number="36" hits="1"/>
						<line number="37" hits="1"/>
						<line number="39" hits="1"/>
						<line number="41" hits="1"/>
						<line number="42" hits="1"/>
						<line number="44" hits="1"/>
						<line number="47" hits="1"/>
						<line number="49" hits="1"/>
						<line number="50" hits="1"/>
						<line number="51" hits="1"/>
						<line number="53" hits="1"/>
					</lines>
				</class>
				<class name="dependencies_user.py" filename="auth/dependencies_user.py" complexity="0" line-rate="0.5" branch-rate="0">
					<methods/>
					<lines>
						<line number="3" hits="1"/>
						<line number="4" hits="1"/>
						<line number="5" hits="1"/>
						<line number="6" hits="1"/>
						<line number="7" hits="1"/>
						<line number="8" hits="1"/>
						<line number="10" hits="1"/>
						<line number="11" hits="1"/>
						<line number="12" hits="1"/>
						<line number="14" hits="1"/>
						<line number="19" hits="0"/>
						<line number="25" hits="0"/>
						<line number="26" hits="0"/>
						<line number="27" hits="0"/>
						<line number="28" hits="0" branch="true" condition-coverage="0% (0/2)" missing-branches="29,33"/>
						<line number="29" hits="0"/>
						<line number="30" hits="0"/>
						<line number="31" hits="0"/>
						<line number="33" hits="0"/>
						<line number="34" hits="0"/>
						<line number="35" hits="0"/>
						<line number="37" hits="0" branch="true" condition-coverage="0% (0/2)" missing-branches="38,40"/>
						<line number="38" hits="0"/>
						<line number="40" hits="0"/>
						<line number="42" hits="1"/>
						<line number="43" hits="1"/>
						<line number="44" hits="1"/>
						<line number="45" hits="1"/>
						<line number="47" hits="1"/>
						<line number="48" hits="0" branch="true" condition-coverage="0% (0/2)" missing-branches="49,53"/>
						<line number="49" hits="0"/>
						<line number="53" hits="0"/>
						<line number="56" hits="1"/>
						<line number="57" hits="1"/>
					</lines>
				</class>
				<class name="limiter.py" filename="auth/limiter.py" complexity="0" line-rate="1" branch-rate="1">
					<methods/>
					<lines>
						<line number="1" hits="1"/>
						<line number="2" hits="1"/>
						<line number="5" hits="1"/>
					</lines>
				</class>
				<class name="router_user.py" filename="auth/router_user.py" complexity="0" line-rate="0.8333" branch-rate="0.6304">
					<methods/>
					<lines>
						<line number="3" hits="1"/>
						<line number="4" hits="1"/>
						<line number="6" hits="1"/>
						<line number="12" hits="1"/>
						<line number="14" hits="1"/>
						<line number="15" hits="1"/>
						<line number="16" hits="1"/>
						<line number="18" hits="1"/>
						<line number="19" hits="1"/>
						<line number="21" hits="1"/>
						<line number="28" hits="1"/>
						<line number="35" hits="1"/>
						<line number="37" hits="1"/>
						<line number="39" hits="1"/>
						<line number="44" hits="1"/>
						<line number="45" hits="1"/>
						<line number="46" hits="1"/>
						<line number="57" hits="1"/>
						<line number="58" hits="1"/>
						<line number="59" hits="1"/>
						<line number="61" hits="1" branch="true" condition-coverage="100% (2/2)"/>
						<line number="62" hits="1"/>
						<line number="64" hits="1" branch="true" condition-coverage="100% (2/2)"/>
						<line number="65" hits="1"/>
						<line number="66" hits="1"/>
						<line number="72" hits="1"/>
						<line number="73" hits="1"/>
						<line number="75" hits="1"/>
						<line number="84" hits="1"/>
						<line number="90" hits="1"/>
						<line number="91" hits="1"/>
						<line number="100" hits="1"/>
						<line number="101" hits="1"/>
						<line number="102" hits="1"/>
						<line number="103" hits="1" branch="true" condition-coverage="50% (1/2)" missing-branches="108"/>
						<line number="104" hits="1"/>
						<line number="105" hits="1"/>
						<line number="106" hits="1"/>
						<line number="108" hits="1"/>
						<line number="114" hits="1"/>
						<line number="117" hits="1"/>
						<line number="118" hits="1"/>
						<line number="120" hits="1"/>
						<line number="122" hits="1"/>
						<line number="127" hits="1"/>
						<line number="129" hits="1"/>
						<line number="130" hits="1"/>
						<line number="131" hits="1"/>
						<line number="132" hits="1"/>
						<line number="133" hits="1"/>
						<line number="134" hits="1"/>
						<line number="136" hits="1"/>
						<line number="138" hits="1"/>
						<line number="139" hits="1"/>
						<line number="140" hits="1"/>
						<line number="150" hits="1"/>
						<line number="151" hits="1"/>
						<line number="153" hits="1" branch="true" condition-coverage="100% (2/2)"/>
						<line number="154" hits="1"/>
						<line number="156" hits="1"/>
						<line number="157" hits="1" branch="true" condition-coverage="50% (1/2)" missing-branches="158"/>
						<line number="158" hits="0"/>
						<line number="160" hits="1"/>
						<line number="161" hits="1"/>
						<line number="162" hits="0"/>
						<line number="165" hits="1"/>
						<line number="166" hits="1" branch="true" condition-coverage="50% (1/2)" missing-branches="167"/>
						<line number="167" hits="0"/>
						<line number="170" hits="1"/>
						<line number="171" hits="1" branch="true" condition-coverage="50% (1/2)" missing-branches="172"/>
						<line number="172" hits="0"/>
						<line number="174" hits="1"/>
						<line number="175" hits="1"/>
						<line number="177" hits="1"/>
						<line number="185" hits="1"/>
						<line number="191" hits="1"/>
						<line number="192" hits="1"/>
						<line number="201" hits="1" branch="true" condition-coverage="100% (2/2)"/>
						<line number="202" hits="1"/>
						<line number="204" hits="1"/>
						<line number="206" hits="1"/>
						<line number="207" hits="1"/>
						<line number="208" hits="1"/>
						<line number="210" hits="1"/>
						<line number="211" hits="1"/>
						<line number="216" hits="1"/>
						<line number="219" hits="1"/>
						<line number="220" hits="1"/>
						<line number="229" hits="1" branch="true" condition-coverage="50% (1/2)" missing-branches="230"/>
						<line number="230" hits="0"/>
						<line number="232" hits="1" branch="true" condition-coverage="100% (2/2)"/>
						<line number="233" hits="1"/>
						<line number="236" hits="1"/>
						<line number="237" hits="1" branch="true" condition-coverage="50% (1/2)" missing-branches="238"/>
						<line number="238" hits="0"/>
						<line number="241" hits="1"/>
						<line number="242" hits="1"/>
						<line number="243" hits="1"/>
						<line number="245" hits="1"/>
						<line number="248" hits="1"/>
						<line number="249" hits="1"/>
						<line number="259" hits="1" branch="true" condition-coverage="50% (1/2)" missing-branches="260"/>
						<line number="260" hits="0"/>
						<line number="263" hits="1"/>
						<line number="264" hits="1"/>
						<line number="265" hits="1" branch="true" condition-coverage="100% (2/2)"/>
						<line number="266" hits="1"/>
						<line number="269" hits="1"/>
						<line number="270" hits="1"/>
						<line number="271" hits="1" branch="true" condition-coverage="50% (1/2)" missing-branches="272"/>
						<line number="272" hits="0"/>
						<line number="274" hits="1"/>
						<line number="275" hits="1" branch="true" condition-coverage="50% (1/2)" missing-branches="276"/>
						<line number="276" hits="0"/>
						<line number="277" hits="0"/>
						<line number="278" hits="0"/>
						<line number="281" hits="1"/>
						<line number="282" hits="1"/>
						<line number="283" hits="1"/>
						<line number="285" hits="1" branch="true" condition-coverage="50% (1/2)" missing-branches="286"/>
						<line number="286" hits="0"/>
						<line number="289" hits="1"/>
						<line number="290" hits="1"/>
						<line number="295" hits="1"/>
						<line number="296" hits="1"/>
						<line number="298" hits="0"/>
						<line number="301" hits="1"/>
						<line number="302" hits="1"/>
						<line number="311" hits="0" branch="true" condition-coverage="0% (0/2)" missing-branches="312,315"/>
						<line number="312" hits="0"/>
						<line number="315" hits="0"/>
						<line number="316" hits="0"/>
						<line number="317" hits="0"/>
						<line number="319" hits="0"/>
						<line number="323" hits="1"/>
						<line number="324" hits="1"/>
						<line number="331" hits="1"/>
						<line number="333" hits="1" branch="true" condition-coverage="50% (1/2)" missing-branches="334"/>
						<line number="334" hits="0"/>
						<line number="336" hits="1"/>
						<line number="338" hits="1" branch="true" condition-coverage="50% (1/2)" missing-branches="339"/>
						<line number="339" hits="0"/>
						<line number="341" hits="1"/>
						<line number="342" hits="1"/>
						<line number="344" hits="1" branch="true" condition-coverage="100% (2/2)"/>
						<line number="345" hits="1"/>
						<line number="347" hits="1"/>
						<line number="348" hits="1"/>
						<line number="349" hits="1"/>
						<line number="350" hits="1"/>
						<line number="352" hits="1"/>
						<line number="357" hits="1"/>
						<line number="358" hits="1"/>
						<line number="365" hits="1"/>
						<line number="367" hits="1" branch="true" condition-coverage="50% (1/2)" missing-branches="368"/>
						<line number="368" hits="0"/>
						<line number="370" hits="1"/>
						<line number="372" hits="1" branch="true" condition-coverage="50% (1/2)" missing-branches="375"/>
						<line number="373" hits="1"/>
						<line number="375" hits="0"/>
						<line number="377" hits="0"/>
						<line number="379" hits="0"/>
						<line number="380" hits="0"/>
						<line number="381" hits="0"/>
						<line number="383" hits="0"/>
						<line number="387" hits="1"/>
						<line number="388" hits="1"/>
						<line number="393" hits="1" branch="true" condition-coverage="50% (1/2)" missing-branches="394"/>
						<line number="394" hits="0"/>
						<line number="396" hits="1"/>
						<line number="397" hits="1"/>
						<line number="398" hits="1"/>
						<line number="399" hits="1"/>
						<line number="400" hits="1"/>
					</lines>
				</class>
				<class name="schemas_user.py" filename="auth/schemas_user.py" complexity="0" line-rate="0.9667" branch-rate="0.5">
					<methods/>
					<lines>
						<line number="3" hits="1"/>
						<line number="4" hits="1"/>
						<line number="5" hits="1"/>
						<line number="6" hits="1"/>
						<line number="7" hits="1"/>
						<line number="9" hits="1"/>
						<line number="10" hits="1"/>
						<line number="12" hits="1"/>
						<line number="13" hits="1"/>
						<line number="17" hits="1"/>
						<line number="18" hits="1"/>
						<line number="19" hits="1"/>
						<line number="20" hits="1" branch="true" condition-coverage="50% (1/2)" missing-branches="21"/>
						<line number="21" hits="0"/>
						<line number="22" hits="1"/>
						<line number="24" hits="1"/>
						<line number="25" hits="1"/>
						<line number="31" hits="1"/>
						<line number="32" hits="1"/>
						<line number="38" hits="1"/>
						<line number="39" hits="1"/>
						<line number="40" hits="1"/>
						<line number="41" hits="1"/>
						<line number="43" hits="1"/>
						<line number="44" hits="1"/>
						<line number="45" hits="1"/>
						<line number="47" hits="1"/>
						<line number="48" hits="1"/>
						<line number="50" hits="1"/>
						<line number="51" hits="1"/>
					</lines>
				</class>
			</classes>
		</package>
		<package name="database" line-rate="0.8649" branch-rate="0.5" complexity="0">
			<classes>
				<class name="__init__.py" filename="database/__init__.py" complexity="0" line-rate="1" branch-rate="1">
					<methods/>
					<lines>
						<line number="1" hits="1"/>
						<line number="2" hits="1"/>
						<line number="3" hits="1"/>
						<line number="4" hits="1"/>
					</lines>
				</class>
				<class name="db.py" filename="database/db.py" complexity="0" line-rate="0.7333" branch-rate="1">
					<methods/>
					<lines>
						<line number="3" hits="1"/>
						<line number="4" hits="1"/>
						<line number="6" hits="1"/>
						<line number="7" hits="1"/>
						<line number="9" hits="1"/>
						<line number="11" hits="1"/>
						<line number="13" hits="1"/>
						<line number="15" hits="1"/>
						<line number="16" hits="1"/>
						<line number="18" hits="1"/>
						<line number="19" hits="0"/>
						<line number="20" hits="0"/>
						<line number="22" hits="1"/>
						<line number="23" hits="0"/>
						<line number="24" hits="0"/>
					</lines>
				</class>
				<class name="db_data.py" filename="database/db_data.py" complexity="0" line-rate="0.7333" branch-rate="1">
					<methods/>
					<lines>
						<line number="3" hits="1"/>
						<line number="4" hits="1"/>
						<line number="6" hits="1"/>
						<line number="7" hits="1"/>
						<line number="9" hits="1"/>
						<line number="11" hits="1"/>
						<line number="13" hits="1"/>
						<line number="15" hits="1"/>
						<line number="16" hits="1"/>
						<line number="18" hits="1"/>
						<line number="20" hits="0"/>
						<line number="21" hits="0"/>
						<line number="23" hits="1"/>
						<line number="25" hits="0"/>
						<line number="26" hits="0"/>
					</lines>
				</class>
				<class name="models_schemas_data.py" filename="database/models_schemas_data.py" complexity="0" line-rate="1" branch-rate="1">
					<methods/>
					<lines>
						<line number="1" hits="1"/>
						<line number="3" hits="1"/>
						<line number="6" hits="1"/>
						<line number="8" hits="1"/>
						<line number="11" hits="1"/>
						<line number="13" hits="1"/>
						<line number="14" hits="1"/>
						<line number="16" hits="1"/>
						<line number="17" hits="1"/>
						<line number="19" hits="1"/>
						<line number="20" hits="1"/>
						<line number="21" hits="1"/>
						<line number="23" hits="1"/>
						<line number="24" hits="1"/>
						<line number="25" hits="1"/>
					</lines>
				</class>
				<class name="models_user.py" filename="database/models_user.py" complexity="0" line-rate="0.92" branch-rate="0.5">
					<methods/>
					<lines>
						<line number="1" hits="1"/>
						<line number="2" hits="1"/>
						<line number="3" hits="1"/>
						<line number="4" hits="1"/>
						<line number="5" hits="1"/>
						<line number="7" hits="1"/>
						<line number="9" hits="1"/>
						<line number="15" hits="1"/>
						<line number="16" hits="1"/>
						<line number="17" hits="1"/>
						<line number="18" hits="1" branch="true" condition-coverage="50% (1/2)" missing-branches="19"/>
						<line number="19" hits="0"/>
						<line number="21" hits="1" branch="true" condition-coverage="50% (1/2)" missing-branches="22"/>
						<line number="22" hits="0"/>
						<line number="23" hits="1"/>
						<line number="25" hits="1"/>
						<line number="29" hits="1"/>
						<line number="30" hits="1"/>
						<line number="31" hits="1"/>
						<line number="32" hits="1"/>
						<line number="33" hits="1"/>
						<line number="36" hits="1"/>
						<line number="38" hits="1"/>
						<line number="39" hits="1"/>
						<line number="41" hits="1"/>
					</lines>
				</class>
			</classes>
		</package>
		<package name="nodes" line-rate="0.7713" branch-rate="0.6333" complexity="0">
			<classes>
				<class name="__init__.py" filename="nodes/__init__.py" complexity="0" line-rate="1" branch-rate="1">
					<methods/>
					<lines>
						<line number="1" hits="1"/>
						<line number="2" hits="1"/>
						<line number="3" hits="1"/>
						<line number="4" hits="1"/>
						<line number="5" hits="1"/>
						<line number="6" hits="1"/>
						<line number="7" hits="1"/>
						<line number="8" hits="1"/>
					</lines>
				</class>
				<class name="cluster_logic.py" filename="nodes/cluster_logic.py" complexity="0" line-rate="0.7647" branch-rate="0.6379">
					<methods/>
					<lines>
						<line number="1" hits="1"/>
						<line number="2" hits="1"/>
						<line number="3" hits="1"/>
						<line number="4" hits="1"/>
						<line number="5" hits="1"/>
						<line number="6" hits="1"/>
						<line number="8" hits="1"/>
						<line number="9" hits="1"/>
						<line number="11" hits="1"/>
						<line number="12" hits="1"/>
						<line number="13" hits="1"/>
						<line number="16" hits="1"/>
						<line number="19" hits="1" branch="true" condition-coverage="50% (1/2)" missing-branches="20"/>
						<line number="20" hits="0"/>
						<line number="22" hits="1" branch="true" condition-coverage="100% (2/2)"/>
						<line number="23" hits="1"/>
						<line number="24" hits="1"/>
						<line number="26" hits="1"/>
						<line number="27" hits="1" branch="true" condition-coverage="100% (2/2)"/>
						<line number="28" hits="1" branch="true" condition-coverage="100% (2/2)"/>
						<line number="29" hits="1"/>
						<line number="31" hits="1"/>
						<line number="32" hits="1"/>
						<line number="33" hits="1"/>
						<line number="34" hits="1"/>
						<line number="37" hits="1"/>
						<line number="39" hits="1"/>
						<line number="40" hits="1"/>
						<line number="41" hits="1" branch="true" condition-coverage="50% (1/2)" missing-branches="39"/>
						<line number="42" hits="1" branch="true" condition-coverage="50% (1/2)" missing-branches="43"/>
						<line number="43" hits="0"/>
						<line number="44" hits="0"/>
						<line number="45" hits="0"/>
						<line number="46" hits="0"/>
						<line number="48" hits="1" branch="true" condition-coverage="100% (2/2)"/>
						<line number="49" hits="1"/>
						<line number="50" hits="1"/>
						<line number="51" hits="1" branch="true" condition-coverage="50% (1/2)" missing-branches="39"/>
						<line number="52" hits="1" branch="true" condition-coverage="50% (1/2)" missing-branches="39"/>
						<line number="53" hits="1"/>
						<line number="54" hits="1"/>
						<line number="57" hits="1"/>
						<line number="58" hits="1"/>
						<line number="59" hits="1"/>
						<line number="61" hits="1"/>
						<line number="62" hits="1"/>
						<line number="63" hits="1"/>
						<line number="64" hits="1"/>
						<line number="65" hits="1"/>
						<line number="67" hits="1"/>
						<line number="68" hits="1"/>
						<line number="69" hits="1"/>
						<line number="70" hits="1"/>
						<line number="71" hits="1"/>
						<line number="73" hits="1" branch="true" condition-coverage="50% (1/2)" missing-branches="74"/>
						<line number="74" hits="0"/>
						<line number="76" hits="1" branch="true" condition-coverage="100% (2/2)"/>
						<line number="77" hits="1"/>
						<line number="78" hits="1"/>
						<line number="79" hits="1"/>
						<line number="81" hits="1"/>
						<line number="83" hits="1" branch="true" condition-coverage="100% (2/2)"/>
						<line number="84" hits="1"/>
						<line number="85" hits="1"/>
						<line number="86" hits="1"/>
						<line number="87" hits="1"/>
						<line number="88" hits="1"/>
						<line number="89" hits="1"/>
						<line number="91" hits="1"/>
						<line number="92" hits="0"/>
						<line number="93" hits="0"/>
						<line number="94" hits="1" branch="true" condition-coverage="50% (1/2)" missing-branches="95"/>
						<line number="95" hits="0"/>
						<line number="97" hits="1"/>
						<line number="99" hits="1" branch="true" condition-coverage="100% (2/2)"/>
						<line number="100" hits="1"/>
						<line number="101" hits="1" branch="true" condition-coverage="50% (1/2)" missing-branches="102"/>
						<line number="102" hits="0"/>
						<line number="103" hits="1" branch="true" condition-coverage="50% (1/2)" missing-branches="108"/>
						<line number="104" hits="1"/>
						<line number="105" hits="1"/>
						<line number="106" hits="1"/>
						<line number="108" hits="1"/>
						<line number="110" hits="1" branch="true" condition-coverage="100% (2/2)"/>
						<line number="111" hits="1"/>
						<line number="112" hits="1"/>
						<line number="115" hits="1"/>
						<line number="116" hits="1"/>
						<line number="117" hits="1"/>
						<line number="119" hits="1" branch="true" condition-coverage="100% (2/2)"/>
						<line number="121" hits="1"/>
						<line number="122" hits="1"/>
						<line number="124" hits="1"/>
						<line number="125" hits="1"/>
						<line number="126" hits="1"/>
						<line number="127" hits="1"/>
						<line number="129" hits="1" branch="true" condition-coverage="50% (1/2)" missing-branches="130"/>
						<line number="130" hits="0"/>
						<line number="131" hits="0"/>
						<line number="134" hits="0"/>
						<line number="135" hits="0"/>
						<line number="136" hits="0" branch="true" condition-coverage="0% (0/2)" missing-branches="137,139"/>
						<line number="137" hits="0"/>
						<line number="139" hits="0"/>
						<line number="140" hits="0"/>
						<line number="141" hits="0"/>
						<line number="143" hits="1" branch="true" condition-coverage="100% (2/2)"/>
						<line number="144" hits="1"/>
						<line number="145" hits="1" branch="true" condition-coverage="50% (1/2)" missing-branches="exit"/>
						<line number="146" hits="1"/>
						<line number="147" hits="1"/>
						<line number="150" hits="1"/>
						<line number="152" hits="1"/>
						<line number="153" hits="0"/>
						<line number="155" hits="1"/>
						<line number="157" hits="1" branch="true" condition-coverage="50% (1/2)" missing-branches="158"/>
						<line number="158" hits="0"/>
						<line number="159" hits="0" branch="true" condition-coverage="0% (0/2)" missing-branches="exit,160"/>
						<line number="160" hits="0"/>
						<line number="162" hits="0"/>
						<line number="163" hits="0"/>
						<line number="165" hits="0"/>
						<line number="167" hits="1" branch="true" condition-coverage="50% (1/2)" missing-branches="168"/>
						<line number="168" hits="0"/>
						<line number="169" hits="0"/>
						<line number="171" hits="0"/>
						<line number="174" hits="1" branch="true" condition-coverage="50% (1/2)" missing-branches="175"/>
						<line number="175" hits="0"/>
						<line number="178" hits="1" branch="true" condition-coverage="100% (2/2)"/>
						<line number="181" hits="1" branch="true" condition-coverage="50% (1/2)" missing-branches="184"/>
						<line number="183" hits="1"/>
						<line number="184" hits="0" branch="true" condition-coverage="0% (0/2)" missing-branches="185,187"/>
						<line number="185" hits="0"/>
						<line number="187" hits="1"/>
						<line number="189" hits="1"/>
						<line number="190" hits="1"/>
					</lines>
				</class>
				<class name="config.py" filename="nodes/config.py" complexity="0" line-rate="1" branch-rate="1">
					<methods/>
					<lines>
						<line number="3" hits="1"/>
						<line number="6" hits="1"/>
						<line number="7" hits="1"/>
						<line number="8" hits="1"/>
						<line number="11" hits="1"/>
						<line number="12" hits="1"/>
						<line number="13" hits="1"/>
						<line number="14" hits="1"/>
						<line number="16" hits="1"/>
						<line number="17" hits="1"/>
						<line number="18" hits="1"/>
						<line number="19" hits="1"/>
						<line number="20" hits="1"/>
						<line number="21" hits="1"/>
						<line number="23" hits="1"/>
						<line number="24" hits="1"/>
					</lines>
				</class>
				<class name="database_utils.py" filename="nodes/database_utils.py" complexity="0" line-rate="1" branch-rate="0.75">
					<methods/>
					<lines>
						<line number="1" hits="1"/>
						<line number="2" hits="1"/>
						<line number="4" hits="1"/>
						<line number="5" hits="1"/>
						<line number="6" hits="1"/>
						<line number="8" hits="1"/>
						<line number="10" hits="1"/>
						<line number="12" hits="1" branch="true" condition-coverage="50% (1/2)" missing-branches="exit"/>
						<line number="15" hits="1"/>
						<line number="16" hits="1"/>
						<line number="17" hits="1"/>
						<line number="18" hits="1"/>
						<line number="19" hits="1"/>
						<line number="20" hits="1"/>
						<line number="21" hits="1"/>
						<line number="23" hits="1"/>
						<line number="25" hits="1" branch="true" condition-coverage="100% (2/2)"/>
						<line number="26" hits="1"/>
						<line number="28" hits="1"/>
						<line number="29" hits="1"/>
						<line number="32" hits="1"/>
						<line number="34" hits="1"/>
						<line number="35" hits="1" branch="true" condition-coverage="50% (1/2)" missing-branches="exit"/>
						<line number="37" hits="1"/>
						<line number="38" hits="1"/>
						<line number="40" hits="1"/>
						<line number="42" hits="1" branch="true" condition-coverage="100% (2/2)"/>
						<line number="43" hits="1"/>
						<line number="44" hits="1"/>
						<line number="45" hits="1"/>
						<line number="47" hits="1"/>
						<line number="48" hits="1"/>
						<line number="49" hits="1"/>
						<line number="50" hits="1"/>
						<line number="52" hits="1"/>
						<line number="54" hits="1" branch="true" condition-coverage="100% (2/2)"/>
						<line number="55" hits="1"/>
						<line number="56" hits="1"/>
						<line number="57" hits="1"/>
						<line number="60" hits="1"/>
						<line number="62" hits="1"/>
						<line number="63" hits="1" branch="true" condition-coverage="50% (1/2)" missing-branches="exit"/>
						<line number="64" hits="1"/>
						<line number="65" hits="1"/>
						<line number="67" hits="1"/>
						<line number="68" hits="1"/>
						<line number="70" hits="1"/>
						<line number="71" hits="1"/>
						<line number="72" hits="1"/>
					</lines>
				</class>
				<class name="messaging.py" filename="nodes/messaging.py" complexity="0" line-rate="0.9048" branch-rate="1">
					<methods/>
					<lines>
						<line number="1" hits="1"/>
						<line number="2" hits="1"/>
						<line number="5" hits="1"/>
						<line number="6" hits="1"/>
						<line number="8" hits="1"/>
						<line number="10" hits="1" branch="true" condition-coverage="100% (2/2)"/>
						<line number="11" hits="1"/>
						<line number="12" hits="1"/>
						<line number="13" hits="1"/>
						<line number="14" hits="1"/>
						<line number="15" hits="1"/>
						<line number="17" hits="1"/>
						<line number="19" hits="1"/>
						<line number="20" hits="1"/>
						<line number="21" hits="1"/>
						<line number="22" hits="1"/>
						<line number="23" hits="1"/>
						<line number="25" hits="1"/>
						<line number="26" hits="1"/>
						<line number="27" hits="0"/>
						<line number="28" hits="0"/>
					</lines>
				</class>
				<class name="node_process.py" filename="nodes/node_process.py" complexity="0" line-rate="0.745" branch-rate="0.6667">
					<methods/>
					<lines>
						<line number="1" hits="1"/>
						<line number="2" hits="1"/>
						<line number="3" hits="1"/>
						<line number="4" hits="1"/>
						<line number="5" hits="1"/>
						<line number="6" hits="1"/>
						<line number="7" hits="1"/>
						<line number="8" hits="1"/>
						<line number="10" hits="1"/>
						<line number="11" hits="1"/>
						<line number="13" hits="1"/>
						<line number="14" hits="1"/>
						<line number="15" hits="1"/>
						<line number="16" hits="1"/>
						<line number="18" hits="1"/>
						<line number="19" hits="1"/>
						<line number="21" hits="0"/>
						<line number="22" hits="0"/>
						<line number="23" hits="0"/>
						<line number="24" hits="0"/>
						<line number="25" hits="0"/>
						<line number="27" hits="0"/>
						<line number="29" hits="1"/>
						<line number="30" hits="1"/>
						<line number="33" hits="1"/>
						<line number="35" hits="1"/>
						<line number="36" hits="1" branch="true" condition-coverage="100% (2/2)"/>
						<line number="37" hits="1"/>
						<line number="38" hits="1"/>
						<line number="41" hits="1"/>
						<line number="44" hits="1"/>
						<line number="46" hits="0"/>
						<line number="47" hits="0"/>
						<line number="48" hits="0"/>
						<line number="49" hits="0"/>
						<line number="50" hits="0"/>
						<line number="51" hits="0"/>
						<line number="52" hits="0"/>
						<line number="53" hits="0"/>
						<line number="54" hits="0" branch="true" condition-coverage="0% (0/2)" missing-branches="55,59"/>
						<line number="55" hits="0"/>
						<line number="57" hits="0"/>
						<line number="59" hits="0"/>
						<line number="60" hits="0"/>
						<line number="64" hits="0" branch="true" condition-coverage="0% (0/2)" missing-branches="52,65"/>
						<line number="65" hits="0"/>
						<line number="68" hits="0"/>
						<line number="69" hits="0"/>
						<line number="70" hits="0"/>
						<line number="71" hits="0"/>
						<line number="74" hits="1"/>
						<line number="75" hits="1"/>
						<line number="78" hits="1" branch="true" condition-coverage="100% (2/2)"/>
						<line number="79" hits="1"/>
						<line number="80" hits="1"/>
						<line number="82" hits="1"/>
						<line number="83" hits="1"/>
						<line number="84" hits="1"/>
						<line number="86" hits="1"/>
						<line number="87" hits="1"/>
						<line number="88" hits="1"/>
						<line number="89" hits="1"/>
						<line number="90" hits="1"/>
						<line number="91" hits="1"/>
						<line number="92" hits="1"/>
						<line number="93" hits="1"/>
						<line number="95" hits="1" branch="true" condition-coverage="50% (1/2)" missing-branches="105"/>
						<line number="96" hits="1"/>
						<line number="97" hits="1" branch="true" condition-coverage="100% (2/2)"/>
						<line number="98" hits="1"/>
						<line number="99" hits="1"/>
						<line number="101" hits="1"/>
						<line number="102" hits="1"/>
						<line number="105" hits="1" branch="true" condition-coverage="100% (2/2)"/>
						<line number="106" hits="1"/>
						<line number="108" hits="1" branch="true" condition-coverage="100% (2/2)"/>
						<line number="109" hits="1"/>
						<line number="110" hits="1" branch="true" condition-coverage="100% (2/2)"/>
						<line number="111" hits="1"/>
						<line number="112" hits="1" branch="true" condition-coverage="50% (1/2)" missing-branches="89"/>
						<line number="113" hits="1"/>
						<line number="116" hits="1"/>
						<line number="117" hits="1" branch="true" condition-coverage="50% (1/2)" missing-branches="119"/>
						<line number="118" hits="1"/>
						<line number="119" hits="0" branch="true" condition-coverage="0% (0/2)" missing-branches="89,120"/>
						<line number="120" hits="0"/>
						<line number="122" hits="1"/>
						<line number="123" hits="1"/>
						<line number="127" hits="1"/>
						<line number="128" hits="1"/>
						<line number="130" hits="1"/>
						<line number="132" hits="1"/>
						<line number="133" hits="1"/>
						<line number="135" hits="1"/>
						<line number="136" hits="1"/>
						<line number="137" hits="1"/>
						<line number="139" hits="1"/>
						<line number="140" hits="1"/>
						<line number="142" hits="1"/>
						<line number="143" hits="1"/>
						<line number="145" hits="1"/>
						<line number="146" hits="1"/>
						<line number="148" hits="1" branch="true" condition-coverage="100% (2/2)"/>
						<line number="149" hits="1"/>
						<line number="151" hits="1"/>
						<line number="152" hits="1"/>
						<line number="154" hits="1"/>
						<line number="156" hits="1"/>
						<line number="157" hits="1"/>
						<line number="159" hits="1" branch="true" condition-coverage="50% (1/2)" missing-branches="160"/>
						<line number="160" hits="0"/>
						<line number="162" hits="1"/>
						<line number="163" hits="1"/>
						<line number="165" hits="1"/>
						<line number="167" hits="1"/>
						<line number="168" hits="1" branch="true" condition-coverage="100% (2/2)"/>
						<line number="169" hits="1"/>
						<line number="170" hits="1"/>
						<line number="171" hits="1"/>
						<line number="173" hits="1"/>
						<line number="174" hits="1" branch="true" condition-coverage="100% (2/2)"/>
						<line number="175" hits="1"/>
						<line number="176" hits="1"/>
						<line number="179" hits="1"/>
						<line number="181" hits="1"/>
						<line number="182" hits="1" branch="true" condition-coverage="50% (1/2)" missing-branches="185"/>
						<line number="183" hits="1"/>
						<line number="185" hits="0"/>
						<line number="186" hits="0"/>
						<line number="187" hits="0"/>
						<line number="189" hits="1"/>
						<line number="191" hits="1"/>
						<line number="192" hits="1"/>
						<line number="193" hits="1" branch="true" condition-coverage="50% (1/2)" missing-branches="198"/>
						<line number="194" hits="1"/>
						<line number="195" hits="1"/>
						<line number="196" hits="1"/>
						<line number="198" hits="0"/>
						<line number="199" hits="0"/>
						<line number="200" hits="0"/>
						<line number="201" hits="0"/>
						<line number="203" hits="1"/>
						<line number="205" hits="1"/>
						<line number="206" hits="1"/>
						<line number="207" hits="1"/>
						<line number="208" hits="1"/>
						<line number="210" hits="0"/>
						<line number="211" hits="0"/>
						<line number="212" hits="0"/>
					</lines>
				</class>
				<class name="router_nodes.py" filename="nodes/router_nodes.py" complexity="0" line-rate="0.7769" branch-rate="0.7333">
					<methods/>
					<lines>
						<line number="3" hits="1"/>
						<line number="4" hits="1"/>
						<line number="5" hits="1"/>
						<line number="6" hits="1"/>
						<line number="7" hits="1"/>
						<line number="9" hits="1"/>
						<line number="10" hits="1"/>
						<line number="11" hits="1"/>
						<line number="13" hits="1"/>
						<line number="14" hits="1"/>
						<line number="16" hits="1"/>
						<line number="17" hits="1"/>
						<line number="19" hits="1"/>
						<line number="21" hits="1"/>
						<line number="22" hits="1"/>
						<line number="24" hits="1"/>
						<line number="29" hits="1"/>
						<line number="30" hits="1"/>
						<line number="35" hits="1" branch="true" condition-coverage="100% (2/2)"/>
						<line number="36" hits="1"/>
						<line number="38" hits="1"/>
						<line number="40" hits="1" branch="true" condition-coverage="100% (2/2)"/>
						<line number="41" hits="1"/>
						<line number="43" hits="1"/>
						<line number="46" hits="1"/>
						<line number="47" hits="1"/>
						<line number="49" hits="1"/>
						<line number="51" hits="1"/>
						<line number="52" hits="1"/>
						<line number="54" hits="1"/>
						<line number="55" hits="1" branch="true" condition-coverage="100% (2/2)"/>
						<line number="56" hits="1"/>
						<line number="58" hits="1"/>
						<line number="59" hits="1"/>
						<line number="60" hits="1"/>
						<line number="62" hits="1"/>
						<line number="63" hits="1"/>
						<line number="64" hits="1"/>
						<line number="65" hits="0"/>
						<line number="66" hits="0"/>
						<line number="69" hits="1"/>
						<line number="70" hits="1"/>
						<line number="72" hits="1"/>
						<line number="73" hits="1" branch="true" condition-coverage="50% (1/2)" missing-branches="74"/>
						<line number="74" hits="0"/>
						<line number="76" hits="1"/>
						<line number="77" hits="1"/>
						<line number="78" hits="1"/>
						<line number="80" hits="1"/>
						<line number="81" hits="1"/>
						<line number="82" hits="1"/>
						<line number="83" hits="0"/>
						<line number="84" hits="0"/>
						<line number="86" hits="1"/>
						<line number="87" hits="1"/>
						<line number="89" hits="0"/>
						<line number="90" hits="0" branch="true" condition-coverage="0% (0/2)" missing-branches="91,93"/>
						<line number="91" hits="0"/>
						<line number="93" hits="0"/>
						<line number="94" hits="0"/>
						<line number="95" hits="0"/>
						<line number="97" hits="0"/>
						<line number="98" hits="0"/>
						<line number="99" hits="0"/>
						<line number="100" hits="0"/>
						<line number="101" hits="0"/>
						<line number="103" hits="1"/>
						<line number="104" hits="1"/>
						<line number="107" hits="1"/>
						<line number="108" hits="1" branch="true" condition-coverage="50% (1/2)" missing-branches="109"/>
						<line number="109" hits="0"/>
						<line number="111" hits="1"/>
						<line number="112" hits="1"/>
						<line number="114" hits="1" branch="true" condition-coverage="100% (2/2)"/>
						<line number="115" hits="1"/>
						<line number="116" hits="1" branch="true" condition-coverage="50% (1/2)" missing-branches="117"/>
						<line number="117" hits="0"/>
						<line number="119" hits="1"/>
						<line number="120" hits="1"/>
						<line number="121" hits="1"/>
						<line number="122" hits="1"/>
						<line number="123" hits="1" branch="true" condition-coverage="50% (1/2)" missing-branches="124"/>
						<line number="124" hits="0"/>
						<line number="125" hits="1"/>
						<line number="126" hits="0"/>
						<line number="127" hits="0"/>
						<line number="128" hits="0"/>
						<line number="131" hits="1"/>
						<line number="132" hits="1"/>
						<line number="134" hits="1"/>
						<line number="135" hits="1" branch="true" condition-coverage="100% (2/2)"/>
						<line number="136" hits="1"/>
						<line number="137" hits="1" branch="true" condition-coverage="50% (1/2)" missing-branches="140"/>
						<line number="138" hits="1"/>
						<line number="140" hits="1"/>
						<line number="141" hits="1"/>
						<line number="142" hits="1"/>
						<line number="144" hits="1"/>
						<line number="145" hits="1"/>
						<line number="146" hits="1"/>
						<line number="148" hits="1" branch="true" condition-coverage="50% (1/2)" missing-branches="149"/>
						<line number="149" hits="0"/>
						<line number="156" hits="1"/>
						<line number="163" hits="1"/>
						<line number="169" hits="1"/>
						<line number="175" hits="1"/>
						<line number="176" hits="1"/>
						<line number="178" hits="0"/>
						<line number="179" hits="0"/>
						<line number="182" hits="1"/>
						<line number="183" hits="1"/>
						<line number="185" hits="1"/>
						<line number="186" hits="1" branch="true" condition-coverage="100% (2/2)"/>
						<line number="187" hits="1"/>
						<line number="189" hits="1"/>
						<line number="190" hits="1" branch="true" condition-coverage="100% (2/2)"/>
						<line number="191" hits="1"/>
						<line number="192" hits="1"/>
						<line number="193" hits="1" branch="true" condition-coverage="100% (2/2)"/>
						<line number="194" hits="1"/>
						<line number="195" hits="1"/>
						<line number="197" hits="1"/>
						<line number="198" hits="1"/>
						<line number="200" hits="1"/>
						<line number="201" hits="0"/>
						<line number="202" hits="0"/>
						<line number="203" hits="0"/>
						<line number="204" hits="0"/>
						<line number="206" hits="1"/>
						<line number="207" hits="1"/>
					</lines>
				</class>
				<class name="state.py" filename="nodes/state.py" complexity="0" line-rate="0.4909" branch-rate="0.08333">
					<methods/>
					<lines>
						<line number="3" hits="1"/>
						<line number="4" hits="1"/>
						<line number="5" hits="1"/>
						<line number="6" hits="1"/>
						<line number="8" hits="1"/>
						<line number="9" hits="1"/>
						<line number="10" hits="1"/>
						<line number="11" hits="1"/>
						<line number="12" hits="1"/>
						<line number="13" hits="1"/>
						<line number="14" hits="1"/>
						<line number="15" hits="1"/>
						<line number="17" hits="1"/>
						<line number="19" hits="1"/>
						<line number="21" hits="0"/>
						<line number="23" hits="0"/>
						<line number="24" hits="0" branch="true" condition-coverage="0% (0/2)" missing-branches="exit,25"/>
						<line number="25" hits="0"/>
						<line number="26" hits="0"/>
						<line number="28" hits="0" branch="true" condition-coverage="0% (0/2)" missing-branches="29,31"/>
						<line number="29" hits="0"/>
						<line number="31" hits="0"/>
						<line number="33" hits="1"/>
						<line number="35" hits="1"/>
						<line number="36" hits="1" branch="true" condition-coverage="50% (1/2)" missing-branches="38"/>
						<line number="37" hits="1"/>
						<line number="38" hits="0"/>
						<line number="40" hits="1"/>
						<line number="42" hits="1"/>
						<line number="43" hits="1"/>
						<line number="45" hits="1"/>
						<line number="47" hits="0"/>
						<line number="48" hits="0"/>
						<line number="50" hits="1"/>
						<line number="52" hits="1"/>
						<line number="54" hits="1"/>
						<line number="56" hits="0"/>
						<line number="59" hits="1"/>
						<line number="61" hits="0"/>
						<line number="62" hits="0"/>
						<line number="64" hits="0" branch="true" condition-coverage="0% (0/2)" missing-branches="65,81"/>
						<line number="65" hits="0"/>
						<line number="66" hits="0"/>
						<line number="68" hits="0"/>
						<line number="69" hits="0" branch="true" condition-coverage="0% (0/2)" missing-branches="70,72"/>
						<line number="70" hits="0"/>
						<line number="72" hits="0"/>
						<line number="74" hits="0"/>
						<line number="81" hits="0"/>
						<line number="83" hits="1"/>
						<line number="85" hits="0"/>
						<line number="86" hits="0"/>
						<line number="88" hits="0" branch="true" condition-coverage="0% (0/2)" missing-branches="89,91"/>
						<line number="89" hits="0"/>
						<line number="91" hits="0"/>
					</lines>
				</class>
			</classes>
		</package>
		<package name="tests" line-rate="1" branch-rate="1" complexity="0">
			<classes>
				<class name="__init__.py" filename="tests/__init__.py" complexity="0" line-rate="1" branch-rate="1">
					<methods/>
					<lines/>
				</class>
			</classes>
		</package>
		<package name="tests.auth_test" line-rate="0.9953" branch-rate="0.5" complexity="0">
			<classes>
				<class name="__init__.py" filename="tests/auth_test/__init__.py" complexity="0" line-rate="1" branch-rate="1">
					<methods/>
					<lines/>
				</class>
				<class name="auth_utlis_test.py" filename="tests/auth_test/auth_utlis_test.py" complexity="0" line-rate="1" branch-rate="1">
					<methods/>
					<lines>
						<line number="1" hits="1"/>
						<line number="2" hits="1"/>
						<line number="3" hits="1"/>
						<line number="5" hits="1"/>
						<line number="15" hits="1"/>
						<line number="17" hits="1"/>
						<line number="18" hits="1"/>
						<line number="20" hits="1"/>
						<line number="21" hits="1"/>
						<line number="22" hits="1"/>
						<line number="24" hits="1"/>
						<line number="26" hits="1"/>
						<line number="27" hits="1"/>
						<line number="29" hits="1"/>
						<line number="31" hits="1"/>
						<line number="33" hits="1"/>
						<line number="34" hits="1"/>
						<line number="36" hits="1"/>
						<line number="38" hits="1"/>
						<line number="40" hits="1"/>
						<line number="41" hits="1"/>
						<line number="43" hits="1"/>
						<line number="45" hits="1"/>
						<line number="46" hits="1"/>
						<line number="47" hits="1"/>
						<line number="49" hits="1"/>
						<line number="51" hits="1"/>
						<line number="52" hits="1"/>
						<line number="53" hits="1"/>
						<line number="55" hits="1"/>
						<line number="57" hits="1"/>
						<line number="58" hits="1"/>
						<line number="60" hits="1"/>
						<line number="62" hits="1"/>
						<line number="63" hits="1"/>
						<line number="65" hits="1"/>
						<line number="67" hits="1"/>
						<line number="68" hits="1"/>
						<line number="69" hits="1"/>
						<line number="71" hits="1"/>
						<line number="73" hits="1"/>
						<line number="74" hits="1"/>
						<line number="76" hits="1"/>
						<line number="78" hits="1"/>
						<line number="79" hits="1"/>
						<line number="80" hits="1"/>
					</lines>
				</class>
				<class name="router_user_test.py" filename="tests/auth_test/router_user_test.py" complexity="0" line-rate="0.994" branch-rate="0.5">
					<methods/>
					<lines>
						<line number="1" hits="1"/>
						<line number="2" hits="1"/>
						<line number="3" hits="1"/>
						<line number="4" hits="1"/>
						<line number="5" hits="1"/>
						<line number="8" hits="1"/>
						<line number="9" hits="1"/>
						<line number="10" hits="1"/>
						<line number="11" hits="1"/>
						<line number="14" hits="1"/>
						<line number="15" hits="1"/>
						<line number="16" hits="1"/>
						<line number="19" hits="1"/>
						<line number="20" hits="1"/>
						<line number="21" hits="1"/>
						<line number="22" hits="1"/>
						<line number="23" hits="1"/>
						<line number="24" hits="1"/>
						<line number="25" hits="1" branch="true" condition-coverage="50% (1/2)" missing-branches="26"/>
						<line number="26" hits="0"/>
						<line number="27" hits="1"/>
						<line number="28" hits="1"/>
						<line number="29" hits="1"/>
						<line number="31" hits="1"/>
						<line number="32" hits="1"/>
						<line number="34" hits="1"/>
						<line number="37" hits="1"/>
						<line number="38" hits="1"/>
						<line number="40" hits="1"/>
						<line number="41" hits="1"/>
						<line number="43" hits="1"/>
						<line number="44" hits="1"/>
						<line number="45" hits="1"/>
						<line number="46" hits="1"/>
						<line number="47" hits="1"/>
						<line number="48" hits="1"/>
						<line number="49" hits="1"/>
						<line number="50" hits="1"/>
						<line number="52" hits="1"/>
						<line number="53" hits="1"/>
						<line number="55" hits="1"/>
						<line number="56" hits="1"/>
						<line number="57" hits="1"/>
						<line number="58" hits="1"/>
						<line number="60" hits="1"/>
						<line number="65" hits="1"/>
						<line number="66" hits="1"/>
						<line number="68" hits="1"/>
						<line number="69" hits="1"/>
						<line number="71" hits="1"/>
						<line number="73" hits="1"/>
						<line number="74" hits="1"/>
						<line number="75" hits="1"/>
						<line number="77" hits="1"/>
						<line number="78" hits="1"/>
						<line number="80" hits="1"/>
						<line number="82" hits="1"/>
						<line number="83" hits="1"/>
						<line number="84" hits="1"/>
						<line number="86" hits="1"/>
						<line number="87" hits="1"/>
						<line number="88" hits="1"/>
						<line number="90" hits="1"/>
						<line number="91" hits="1"/>
						<line number="92" hits="1"/>
						<line number="93" hits="1"/>
						<line number="95" hits="1"/>
						<line number="97" hits="1"/>
						<line number="98" hits="1"/>
						<line number="99" hits="1"/>
						<line number="104" hits="1"/>
						<line number="106" hits="1"/>
						<line number="107" hits="1"/>
						<line number="109" hits="1"/>
						<line number="111" hits="1"/>
						<line number="112" hits="1"/>
						<line number="113" hits="1"/>
						<line number="114" hits="1"/>
						<line number="119" hits="1"/>
						<line number="124" hits="1"/>
						<line number="125" hits="1"/>
						<line number="127" hits="1"/>
						<line number="129" hits="1"/>
						<line number="131" hits="1"/>
						<line number="132" hits="1"/>
						<line number="133" hits="1"/>
						<line number="134" hits="1"/>
						<line number="136" hits="1"/>
						<line number="138" hits="1"/>
						<line number="140" hits="1"/>
						<line number="142" hits="1"/>
						<line number="143" hits="1"/>
						<line number="144" hits="1"/>
						<line number="149" hits="1"/>
						<line number="150" hits="1"/>
						<line number="151" hits="1"/>
						<line number="153" hits="1"/>
						<line number="154" hits="1"/>
						<line number="155" hits="1"/>
						<line number="156" hits="1"/>
						<line number="158" hits="1"/>
						<line number="160" hits="1"/>
						<line number="161" hits="1"/>
						<line number="163" hits="1"/>
						<line number="164" hits="1"/>
						<line number="166" hits="1"/>
						<line number="168" hits="1"/>
						<line number="169" hits="1"/>
						<line number="174" hits="1"/>
						<line number="176" hits="1"/>
						<line number="178" hits="1"/>
						<line number="179" hits="1"/>
						<line number="180" hits="1"/>
						<line number="181" hits="1"/>
						<line number="183" hits="1"/>
						<line number="185" hits="1"/>
						<line number="186" hits="1"/>
						<line number="187" hits="1"/>
						<line number="192" hits="1"/>
						<line number="193" hits="1"/>
						<line number="195" hits="1"/>
						<line number="196" hits="1"/>
						<line number="198" hits="1"/>
						<line number="200" hits="1"/>
						<line number="201" hits="1"/>
						<line number="202" hits="1"/>
						<line number="204" hits="1"/>
						<line number="206" hits="1"/>
						<line number="207" hits="1"/>
						<line number="208" hits="1"/>
						<line number="213" hits="1"/>
						<line number="214" hits="1"/>
						<line number="216" hits="1"/>
						<line number="217" hits="1"/>
						<line number="221" hits="1"/>
						<line number="223" hits="1"/>
						<line number="225" hits="1"/>
						<line number="226" hits="1"/>
						<line number="228" hits="1"/>
						<line number="230" hits="1"/>
						<line number="231" hits="1"/>
						<line number="233" hits="1"/>
						<line number="235" hits="1"/>
						<line number="236" hits="1"/>
						<line number="241" hits="1"/>
						<line number="243" hits="1"/>
						<line number="245" hits="1"/>
						<line number="247" hits="1"/>
						<line number="248" hits="1"/>
						<line number="249" hits="1"/>
						<line number="251" hits="1"/>
						<line number="253" hits="1"/>
						<line number="255" hits="1"/>
						<line number="257" hits="1"/>
						<line number="258" hits="1"/>
						<line number="260" hits="1"/>
						<line number="261" hits="1"/>
						<line number="263" hits="1"/>
						<line number="265" hits="1"/>
						<line number="267" hits="1"/>
						<line number="268" hits="1"/>
						<line number="270" hits="1"/>
						<line number="272" hits="1"/>
						<line number="274" hits="1"/>
						<line number="276" hits="1"/>
						<line number="277" hits="1"/>
						<line number="278" hits="1"/>
					</lines>
				</class>
			</classes>
		</package>
		<package name="tests.database_test" line-rate="1" branch-rate="1" complexity="0">
			<classes>
				<class name="__init__.py" filename="tests/database_test/__init__.py" complexity="0" line-rate="1" branch-rate="1">
					<methods/>
					<lines/>
				</class>
			</classes>
		</package>
		<package name="tests.nodes_test" line-rate="0.9982" branch-rate="1" complexity="0">
			<classes>
				<class name="__init__.py" filename="tests/nodes_test/__init__.py" complexity="0" line-rate="1" branch-rate="1">
					<methods/>
					<lines/>
				</class>
				<class name="cluster_logic_test.py" filename="tests/nodes_test/cluster_logic_test.py" complexity="0" line-rate="1" branch-rate="1">
					<methods/>
					<lines>
						<line number="1" hits="1"/>
						<line number="2" hits="1"/>
						<line number="3" hits="1"/>
						<line number="4" hits="1"/>
						<line number="6" hits="1"/>
						<line number="7" hits="1"/>
						<line number="16" hits="1"/>
						<line number="17" hits="1"/>
						<line number="19" hits="1"/>
						<line number="20" hits="1"/>
						<line number="21" hits="1"/>
						<line number="22" hits="1"/>
						<line number="23" hits="1"/>
						<line number="24" hits="1"/>
						<line number="25" hits="1"/>
						<line number="26" hits="1"/>
						<line number="27" hits="1"/>
						<line number="30" hits="1"/>
						<line number="31" hits="1"/>
						<line number="33" hits="1"/>
						<line number="34" hits="1"/>
						<line number="35" hits="1"/>
						<line number="36" hits="1"/>
						<line number="37" hits="1"/>
						<line number="38" hits="1"/>
						<line number="40" hits="1"/>
						<line number="42" hits="1"/>
						<line number="43" hits="1"/>
						<line number="48" hits="1"/>
						<line number="49" hits="1"/>
						<line number="54" hits="1"/>
						<line number="55" hits="1"/>
						<line number="56" hits="1"/>
						<line number="59" hits="1"/>
						<line number="60" hits="1"/>
						<line number="65" hits="1"/>
						<line number="66" hits="1"/>
						<line number="67" hits="1"/>
						<line number="68" hits="1"/>
						<line number="71" hits="1"/>
						<line number="72" hits="1"/>
						<line number="77" hits="1"/>
						<line number="78" hits="1"/>
						<line number="79" hits="1"/>
						<line number="80" hits="1"/>
						<line number="81" hits="1"/>
						<line number="86" hits="1"/>
						<line number="87" hits="1"/>
						<line number="88" hits="1"/>
						<line number="93" hits="1"/>
						<line number="94" hits="1"/>
						<line number="96" hits="1"/>
						<line number="97" hits="1"/>
						<line number="99" hits="1"/>
						<line number="102" hits="1"/>
						<line number="103" hits="1"/>
						<line number="104" hits="1"/>
						<line number="109" hits="1"/>
						<line number="110" hits="1"/>
						<line number="111" hits="1"/>
						<line number="113" hits="1"/>
						<line number="114" hits="1"/>
						<line number="116" hits="1"/>
						<line number="121" hits="1"/>
						<line number="122" hits="1"/>
						<line number="127" hits="1"/>
						<line number="128" hits="1"/>
						<line number="131" hits="1"/>
						<line number="132" hits="1"/>
						<line number="134" hits="1"/>
						<line number="135" hits="1"/>
						<line number="137" hits="1"/>
						<line number="138" hits="1"/>
						<line number="141" hits="1"/>
						<line number="146" hits="1"/>
						<line number="147" hits="1"/>
						<line number="149" hits="1"/>
						<line number="150" hits="1"/>
						<line number="152" hits="1"/>
						<line number="153" hits="1"/>
						<line number="156" hits="1"/>
						<line number="157" hits="1"/>
						<line number="158" hits="1"/>
						<line number="163" hits="1"/>
						<line number="165" hits="1"/>
						<line number="166" hits="1"/>
						<line number="167" hits="1"/>
						<line number="169" hits="1"/>
						<line number="170" hits="1"/>
						<line number="172" hits="1"/>
						<line number="173" hits="1"/>
						<line number="176" hits="1"/>
						<line number="177" hits="1"/>
						<line number="178" hits="1"/>
						<line number="183" hits="1"/>
						<line number="184" hits="1"/>
						<line number="186" hits="1"/>
						<line number="187" hits="1"/>
						<line number="189" hits="1"/>
						<line number="192" hits="1"/>
						<line number="193" hits="1"/>
						<line number="198" hits="1"/>
						<line number="199" hits="1"/>
						<line number="200" hits="1"/>
						<line number="202" hits="1"/>
						<line number="203" hits="1"/>
						<line number="205" hits="1"/>
						<line number="208" hits="1"/>
						<line number="209" hits="1"/>
						<line number="214" hits="1"/>
						<line number="215" hits="1"/>
						<line number="217" hits="1"/>
						<line number="218" hits="1"/>
						<line number="220" hits="1"/>
					</lines>
				</class>
				<class name="database_utils_test.py" filename="tests/nodes_test/database_utils_test.py" complexity="0" line-rate="1" branch-rate="1">
					<methods/>
					<lines>
						<line number="1" hits="1"/>
						<line number="2" hits="1"/>
						<line number="3" hits="1"/>
						<line number="5" hits="1"/>
						<line number="6" hits="1"/>
						<line number="7" hits="1"/>
						<line number="16" hits="1"/>
						<line number="17" hits="1"/>
						<line number="19" hits="1"/>
						<line number="21" hits="1"/>
						<line number="22" hits="1"/>
						<line number="24" hits="1"/>
						<line number="27" hits="1"/>
						<line number="28" hits="1"/>
						<line number="30" hits="1"/>
						<line number="31" hits="1"/>
						<line number="36" hits="1"/>
						<line number="37" hits="1"/>
						<line number="38" hits="1"/>
						<line number="39" hits="1"/>
						<line number="40" hits="1"/>
						<line number="41" hits="1"/>
						<line number="43" hits="1"/>
						<line number="45" hits="1"/>
						<line number="46" hits="1"/>
						<line number="47" hits="1"/>
						<line number="48" hits="1"/>
						<line number="51" hits="1"/>
						<line number="52" hits="1"/>
						<line number="53" hits="1"/>
						<line number="54" hits="1"/>
						<line number="55" hits="1"/>
						<line number="56" hits="1"/>
						<line number="57" hits="1"/>
						<line number="59" hits="1"/>
						<line number="61" hits="1"/>
						<line number="66" hits="1"/>
						<line number="67" hits="1"/>
						<line number="68" hits="1"/>
						<line number="69" hits="1"/>
						<line number="72" hits="1"/>
						<line number="73" hits="1"/>
						<line number="74" hits="1"/>
						<line number="75" hits="1"/>
						<line number="77" hits="1"/>
						<line number="78" hits="1"/>
						<line number="79" hits="1"/>
						<line number="81" hits="1"/>
						<line number="83" hits="1"/>
						<line number="84" hits="1"/>
						<line number="89" hits="1"/>
						<line number="90" hits="1"/>
						<line number="91" hits="1"/>
						<line number="92" hits="1"/>
						<line number="93" hits="1"/>
						<line number="95" hits="1"/>
						<line number="96" hits="1"/>
						<line number="98" hits="1"/>
						<line number="99" hits="1"/>
						<line number="100" hits="1"/>
						<line number="102" hits="1"/>
						<line number="104" hits="1"/>
						<line number="105" hits="1"/>
						<line number="106" hits="1"/>
						<line number="109" hits="1"/>
						<line number="110" hits="1"/>
						<line number="111" hits="1"/>
						<line number="112" hits="1"/>
						<line number="113" hits="1"/>
						<line number="115" hits="1"/>
						<line number="116" hits="1"/>
						<line number="117" hits="1"/>
						<line number="119" hits="1"/>
						<line number="121" hits="1"/>
						<line number="122" hits="1"/>
						<line number="125" hits="1"/>
						<line number="126" hits="1"/>
						<line number="127" hits="1"/>
						<line number="128" hits="1"/>
						<line number="129" hits="1"/>
						<line number="131" hits="1"/>
						<line number="132" hits="1"/>
						<line number="134" hits="1"/>
						<line number="135" hits="1"/>
						<line number="136" hits="1"/>
						<line number="138" hits="1"/>
						<line number="140" hits="1"/>
						<line number="141" hits="1"/>
						<line number="144" hits="1"/>
						<line number="145" hits="1"/>
						<line number="146" hits="1"/>
						<line number="147" hits="1"/>
						<line number="148" hits="1"/>
						<line number="149" hits="1"/>
						<line number="151" hits="1"/>
						<line number="153" hits="1"/>
						<line number="158" hits="1"/>
						<line number="159" hits="1"/>
						<line number="160" hits="1"/>
						<line number="163" hits="1"/>
						<line number="164" hits="1"/>
						<line number="165" hits="1"/>
						<line number="167" hits="1"/>
						<line number="168" hits="1"/>
						<line number="169" hits="1"/>
						<line number="171" hits="1"/>
						<line number="173" hits="1"/>
						<line number="174" hits="1"/>
						<line number="179" hits="1"/>
						<line number="180" hits="1"/>
						<line number="181" hits="1"/>
						<line number="182" hits="1"/>
						<line number="183" hits="1"/>
						<line number="185" hits="1"/>
						<line number="186" hits="1"/>
						<line number="187" hits="1"/>
						<line number="189" hits="1"/>
						<line number="190" hits="1"/>
						<line number="191" hits="1"/>
						<line number="193" hits="1"/>
						<line number="195" hits="1"/>
						<line number="198" hits="1"/>
						<line number="199" hits="1"/>
						<line number="200" hits="1"/>
						<line number="201" hits="1"/>
						<line number="202" hits="1"/>
						<line number="203" hits="1"/>
						<line number="205" hits="1"/>
						<line number="207" hits="1"/>
					</lines>
				</class>
				<class name="messaging_test.py" filename="tests/nodes_test/messaging_test.py" complexity="0" line-rate="1" branch-rate="1">
					<methods/>
					<lines>
						<line number="1" hits="1"/>
						<line number="2" hits="1"/>
						<line number="3" hits="1"/>
						<line number="5" hits="1"/>
						<line number="6" hits="1"/>
						<line number="7" hits="1"/>
						<line number="8" hits="1"/>
						<line number="9" hits="1"/>
						<line number="10" hits="1"/>
						<line number="11" hits="1"/>
						<line number="12" hits="1"/>
						<line number="14" hits="1"/>
						<line number="16" hits="1"/>
						<line number="19" hits="1"/>
						<line number="20" hits="1"/>
						<line number="21" hits="1"/>
						<line number="23" hits="1"/>
						<line number="24" hits="1"/>
						<line number="25" hits="1"/>
						<line number="26" hits="1"/>
						<line number="27" hits="1"/>
						<line number="29" hits="1"/>
						<line number="30" hits="1"/>
						<line number="31" hits="1"/>
						<line number="32" hits="1"/>
						<line number="33" hits="1"/>
					</lines>
				</class>
				<class name="node_process_test.py" filename="tests/nodes_test/node_process_test.py" complexity="0" line-rate="0.9925" branch-rate="1">
					<methods/>
					<lines>
						<line number="1" hits="1"/>
						<line number="2" hits="1"/>
						<line number="3" hits="1"/>
						<line number="4" hits="1"/>
						<line number="5" hits="1"/>
						<line number="7" hits="1"/>
						<line number="8" hits="1"/>
						<line number="10" hits="1"/>
						<line number="12" hits="1"/>
						<line number="13" hits="1"/>
						<line number="15" hits="1"/>
						<line number="16" hits="1"/>
						<line number="17" hits="1"/>
						<line number="18" hits="1"/>
						<line number="20" hits="1"/>
						<line number="21" hits="1"/>
						<line number="22" hits="1"/>
						<line number="26" hits="1"/>
						<line number="31" hits="1"/>
						<line number="32" hits="1"/>
						<line number="33" hits="1"/>
						<line number="35" hits="1"/>
						<line number="40" hits="1"/>
						<line number="41" hits="1"/>
						<line number="43" hits="1"/>
						<line number="48" hits="1"/>
						<line number="49" hits="1"/>
						<line number="53" hits="1"/>
						<line number="58" hits="1"/>
						<line number="59" hits="1"/>
						<line number="60" hits="1"/>
						<line number="61" hits="1"/>
						<line number="63" hits="1"/>
						<line number="68" hits="1"/>
						<line number="69" hits="1"/>
						<line number="70" hits="1"/>
						<line number="71" hits="1"/>
						<line number="73" hits="1"/>
						<line number="74" hits="1"/>
						<line number="79" hits="1"/>
						<line number="80" hits="1"/>
						<line number="81" hits="1"/>
						<line number="82" hits="1"/>
						<line number="83" hits="1"/>
						<line number="85" hits="1"/>
						<line number="90" hits="1"/>
						<line number="91" hits="1"/>
						<line number="92" hits="1"/>
						<line number="93" hits="1"/>
						<line number="95" hits="1"/>
						<line number="96" hits="1"/>
						<line number="101" hits="1"/>
						<line number="102" hits="1"/>
						<line number="103" hits="1"/>
						<line number="104" hits="1"/>
						<line number="105" hits="1"/>
						<line number="109" hits="1"/>
						<line number="110" hits="1"/>
						<line number="111" hits="1"/>
						<line number="116" hits="1"/>
						<line number="117" hits="1"/>
						<line number="118" hits="1"/>
						<line number="120" hits="1"/>
						<line number="121" hits="1"/>
						<line number="126" hits="1"/>
						<line number="127" hits="1"/>
						<line number="131" hits="1"/>
						<line number="136" hits="1"/>
						<line number="137" hits="1"/>
						<line number="138" hits="1"/>
						<line number="139" hits="0"/>
						<line number="140" hits="1"/>
						<line number="142" hits="1"/>
						<line number="143" hits="1"/>
						<line number="148" hits="1"/>
						<line number="149" hits="1"/>
						<line number="150" hits="1"/>
						<line number="151" hits="1"/>
						<line number="152" hits="1"/>
						<line number="154" hits="1"/>
						<line number="155" hits="1"/>
						<line number="156" hits="1"/>
						<line number="161" hits="1"/>
						<line number="162" hits="1"/>
						<line number="164" hits="1"/>
						<line number="165" hits="1"/>
						<line number="166" hits="1"/>
						<line number="168" hits="1"/>
						<line number="169" hits="1"/>
						<line number="170" hits="1"/>
						<line number="171" hits="1"/>
						<line number="172" hits="1"/>
						<line number="173" hits="1"/>
						<line number="175" hits="1"/>
						<line number="176" hits="1"/>
						<line number="177" hits="1"/>
						<line number="182" hits="1"/>
						<line number="183" hits="1"/>
						<line number="184" hits="1"/>
						<line number="185" hits="1"/>
						<line number="187" hits="1"/>
						<line number="188" hits="1"/>
						<line number="189" hits="1"/>
						<line number="191" hits="1"/>
						<line number="192" hits="1"/>
						<line number="193" hits="1"/>
						<line number="194" hits="1"/>
						<line number="195" hits="1"/>
						<line number="197" hits="1"/>
						<line number="198" hits="1"/>
						<line number="199" hits="1"/>
						<line number="204" hits="1"/>
						<line number="205" hits="1"/>
						<line number="206" hits="1"/>
						<line number="207" hits="1"/>
						<line number="209" hits="1"/>
						<line number="211" hits="1"/>
						<line number="212" hits="1"/>
						<line number="213" hits="1"/>
						<line number="214" hits="1"/>
						<line number="215" hits="1"/>
						<line number="217" hits="1"/>
						<line number="218" hits="1"/>
						<line number="219" hits="1"/>
						<line number="224" hits="1"/>
						<line number="225" hits="1"/>
						<line number="226" hits="1"/>
						<line number="227" hits="1"/>
						<line number="229" hits="1"/>
						<line number="230" hits="1"/>
						<line number="232" hits="1"/>
						<line number="233" hits="1"/>
						<line number="234" hits="1"/>
						<line number="235" hits="1"/>
					</lines>
				</class>
				<class name="router_nodes_test.py" filename="tests/nodes_test/router_nodes_test.py" complexity="0" line-rate="1" branch-rate="1">
					<methods/>
					<lines>
						<line number="1" hits="1"/>
						<line number="2" hits="1"/>
						<line number="3" hits="1"/>
						<line number="4" hits="1"/>
						<line number="6" hits="1"/>
						<line number="7" hits="1"/>
						<line number="9" hits="1"/>
						<line number="10" hits="1"/>
						<line number="12" hits="1"/>
						<line number="13" hits="1"/>
						<line number="15" hits="1"/>
						<line number="20" hits="1"/>
						<line number="25" hits="1"/>
						<line number="26" hits="1"/>
						<line number="27" hits="1"/>
						<line number="29" hits="1"/>
						<line number="30" hits="1"/>
						<line number="35" hits="1"/>
						<line number="36" hits="1"/>
						<line number="37" hits="1"/>
						<line number="39" hits="1"/>
						<line number="40" hits="1"/>
						<line number="45" hits="1"/>
						<line number="46" hits="1"/>
						<line number="47" hits="1"/>
						<line number="48" hits="1"/>
						<line number="53" hits="1"/>
						<line number="58" hits="1"/>
						<line number="59" hits="1"/>
						<line number="60" hits="1"/>
						<line number="65" hits="1"/>
						<line number="66" hits="1"/>
						<line number="71" hits="1"/>
						<line number="72" hits="1"/>
						<line number="73" hits="1"/>
						<line number="75" hits="1"/>
						<line number="76" hits="1"/>
						<line number="77" hits="1"/>
						<line number="82" hits="1"/>
						<line number="84" hits="1"/>
						<line number="85" hits="1"/>
						<line number="86" hits="1"/>
						<line number="88" hits="1"/>
						<line number="89" hits="1"/>
						<line number="90" hits="1"/>
						<line number="91" hits="1"/>
						<line number="98" hits="1"/>
						<line number="99" hits="1"/>
						<line number="100" hits="1"/>
						<line number="105" hits="1"/>
						<line number="107" hits="1"/>
						<line number="108" hits="1"/>
						<line number="109" hits="1"/>
						<line number="111" hits="1"/>
						<line number="112" hits="1"/>
						<line number="113" hits="1"/>
						<line number="120" hits="1"/>
						<line number="121" hits="1"/>
						<line number="122" hits="1"/>
						<line number="127" hits="1"/>
						<line number="129" hits="1"/>
						<line number="130" hits="1"/>
						<line number="131" hits="1"/>
						<line number="132" hits="1"/>
						<line number="134" hits="1"/>
						<line number="135" hits="1"/>
						<line number="136" hits="1"/>
						<line number="140" hits="1"/>
						<line number="141" hits="1"/>
						<line number="146" hits="1"/>
						<line number="147" hits="1"/>
						<line number="148" hits="1"/>
						<line number="153" hits="1"/>
						<line number="154" hits="1"/>
						<line number="155" hits="1"/>
						<line number="160" hits="1"/>
						<line number="161" hits="1"/>
						<line number="163" hits="1"/>
						<line number="164" hits="1"/>
						<line number="165" hits="1"/>
						<line number="167" hits="1"/>
						<line number="168" hits="1"/>
						<line number="169" hits="1"/>
						<line number="170" hits="1"/>
						<line number="171" hits="1"/>
						<line number="176" hits="1"/>
						<line number="177" hits="1"/>
						<line number="179" hits="1"/>
						<line number="180" hits="1"/>
						<line number="181" hits="1"/>
						<line number="183" hits="1"/>
						<line number="184" hits="1"/>
						<line number="185" hits="1"/>
						<line number="186" hits="1"/>
						<line number="187" hits="1"/>
						<line number="192" hits="1"/>
						<line number="193" hits="1"/>
						<line number="198" hits="1"/>
						<line number="199" hits="1"/>
						<line number="200" hits="1"/>
						<line number="202" hits="1"/>
						<line number="203" hits="1"/>
						<line number="204" hits="1"/>
						<line number="205" hits="1"/>
						<line number="210" hits="1"/>
						<line number="211" hits="1"/>
						<line number="213" hits="1"/>
						<line number="214" hits="1"/>
						<line number="215" hits="1"/>
						<line number="217" hits="1"/>
						<line number="218" hits="1"/>
						<line number="219" hits="1"/>
						<line number="220" hits="1"/>
						<line number="221" hits="1"/>
						<line number="222" hits="1"/>
						<line number="227" hits="1"/>
						<line number="228" hits="1"/>
						<line number="230" hits="1"/>
						<line number="231" hits="1"/>
						<line number="232" hits="1"/>
						<line number="233" hits="1"/>
						<line number="235" hits="1"/>
						<line number="237" hits="1"/>
						<line number="238" hits="1"/>
						<line number="240" hits="1"/>
						<line number="241" hits="1"/>
						<line number="242" hits="1"/>
						<line number="243" hits="1"/>
					</lines>
				</class>
				<class name="state_test.py" filename="tests/nodes_test/state_test.py" complexity="0" line-rate="1" branch-rate="1">
					<methods/>
					<lines>
						<line number="1" hits="1"/>
						<line number="2" hits="1"/>
						<line number="3" hits="1"/>
						<line number="4" hits="1"/>
						<line number="6" hits="1"/>
						<line number="7" hits="1"/>
						<line number="8" hits="1"/>
						<line number="9" hits="1"/>
						<line number="11" hits="1"/>
						<line number="13" hits="1"/>
						<line number="14" hits="1"/>
						<line number="16" hits="1"/>
						<line number="17" hits="1"/>
						<line number="18" hits="1"/>
						<line number="19" hits="1"/>
						<line number="20" hits="1"/>
						<line number="21" hits="1"/>
						<line number="23" hits="1"/>
						<line number="24" hits="1"/>
						<line number="25" hits="1"/>
						<line number="26" hits="1"/>
						<line number="27" hits="1"/>
					</lines>
				</class>
			</classes>
		</package>
		<package name="tests.websockets_nodes_test" line-rate="0.9756" branch-rate="1" complexity="0">
			<classes>
				<class name="__init__.py" filename="tests/websockets_nodes_test/__init__.py" complexity="0" line-rate="1" branch-rate="1">
					<methods/>
					<lines/>
				</class>
				<class name="router_ws_nodes_test.py" filename="tests/websockets_nodes_test/router_ws_nodes_test.py" complexity="0" line-rate="0.9756" branch-rate="1">
					<methods/>
					<lines>
						<line number="1" hits="1"/>
						<line number="2" hits="1"/>
						<line number="3" hits="1"/>
						<line number="4" hits="1"/>
						<line number="5" hits="1"/>
						<line number="9" hits="1"/>
						<line number="10" hits="1"/>
						<line number="13" hits="1"/>
						<line number="15" hits="1"/>
						<line number="16" hits="1"/>
						<line number="17" hits="1"/>
						<line number="19" hits="1"/>
						<line number="21" hits="1"/>
						<line number="22" hits="1"/>
						<line number="23" hits="0"/>
						<line number="24" hits="1"/>
						<line number="27" hits="1"/>
						<line number="28" hits="1"/>
						<line number="29" hits="1"/>
						<line number="31" hits="1"/>
						<line number="33" hits="1"/>
						<line number="34" hits="1"/>
						<line number="36" hits="1"/>
						<line number="37" hits="1"/>
						<line number="39" hits="1"/>
						<line number="40" hits="1"/>
						<line number="42" hits="1"/>
						<line number="44" hits="1"/>
						<line number="45" hits="1"/>
						<line number="46" hits="1"/>
						<line number="48" hits="1"/>
						<line number="50" hits="1"/>
						<line number="51" hits="1"/>
						<line number="52" hits="1"/>
						<line number="53" hits="1"/>
						<line number="55" hits="1"/>
						<line number="56" hits="1"/>
						<line number="57" hits="1"/>
						<line number="59" hits="1"/>
						<line number="60" hits="1"/>
						<line number="62" hits="1"/>
					</lines>
				</class>
			</classes>
		</package>
		<package name="websockets_nodes" line-rate="0.679" branch-rate="0.375" complexity="0">
			<classes>
				<class name="__init__.py" filename="websockets_nodes/__init__.py" complexity="0" line-rate="1" branch-rate="1">
					<methods/>
					<lines>
						<line number="1" hits="1"/>
						<line number="2" hits="1"/>
					</lines>
				</class>
				<class name="router_ws_nodes.py" filename="websockets_nodes/router_ws_nodes.py" complexity="0" line-rate="0.8065" branch-rate="0.6">
					<methods/>
					<lines>
						<line number="3" hits="1"/>
						<line number="4" hits="1"/>
						<line number="6" hits="1"/>
						<line number="7" hits="1"/>
						<line number="8" hits="1"/>
						<line number="10" hits="1"/>
						<line number="11" hits="1"/>
						<line number="13" hits="1"/>
						<line number="16" hits="1"/>
						<line number="17" hits="1"/>
						<line number="19" hits="1"/>
						<line number="22" hits="1"/>
						<line number="23" hits="1"/>
						<line number="25" hits="1" branch="true" condition-coverage="100% (2/2)"/>
						<line number="26" hits="1"/>
						<line number="27" hits="1"/>
						<line number="29" hits="1"/>
						<line number="30" hits="1"/>
						<line number="31" hits="1"/>
						<line number="32" hits="1"/>
						<line number="33" hits="1"/>
						<line number="34" hits="1"/>
						<line number="36" hits="1"/>
						<line number="37" hits="1"/>
						<line number="39" hits="1"/>
						<line number="41" hits="1"/>
						<line number="42" hits="1"/>
						<line number="44" hits="0"/>
						<line number="46" hits="0"/>
						<line number="47" hits="0"/>
						<line number="49" hits="0"/>
						<line number="50" hits="0"/>
						<line number="51" hits="0"/>
						<line number="53" hits="1"/>
						<line number="54" hits="1"/>
						<line number="56" hits="1"/>
						<line number="57" hits="1"/>
						<line number="59" hits="1"/>
						<line number="60" hits="1" branch="true" condition-coverage="100% (2/2)"/>
						<line number="61" hits="1"/>
						<line number="62" hits="1"/>
						<line number="64" hits="1"/>
						<line number="65" hits="1"/>
						<line number="66" hits="1"/>
						<line number="67" hits="1" branch="true" condition-coverage="50% (1/2)" missing-branches="68"/>
						<line number="68" hits="0"/>
						<line number="70" hits="1"/>
						<line number="71" hits="1"/>
						<line number="72" hits="1" branch="true" condition-coverage="50% (1/2)" missing-branches="78"/>
						<line number="73" hits="1"/>
						<line number="74" hits="1"/>
						<line number="75" hits="1"/>
						<line number="76" hits="1"/>
						<line number="78" hits="1"/>
						<line number="80" hits="1"/>
						<line number="81" hits="0"/>
						<line number="84" hits="1"/>
						<line number="85" hits="0" branch="true" condition-coverage="0% (0/2)" missing-branches="86,88"/>
						<line number="86" hits="0"/>
						<line number="88" hits="0"/>
						<line number="90" hits="1"/>
						<line number="91" hits="0"/>
					</lines>
				</class>
				<class name="ws_utils.py" filename="websockets_nodes/ws_utils.py" complexity="0" line-rate="0.1765" branch-rate="0">
					<methods/>
					<lines>
						<line number="1" hits="1"/>
						<line number="2" hits="1"/>
						<line number="5" hits="1"/>
						<line number="7" hits="0" branch="true" condition-coverage="0% (0/2)" missing-branches="8,9"/>
						<line number="8" hits="0"/>
						<line number="9" hits="0"/>
						<line number="10" hits="0"/>
						<line number="12" hits="0" branch="true" condition-coverage="0% (0/2)" missing-branches="13,15"/>
						<line number="13" hits="0"/>
						<line number="15" hits="0"/>
						<line number="16" hits="0"/>
						<line number="18" hits="0" branch="true" condition-coverage="0% (0/2)" missing-branches="19,22"/>
						<line number="19" hits="0"/>
						<line number="20" hits="0"/>
						<line number="22" hits="0"/>
						<line number="23" hits="0"/>
						<line number="24" hits="0"/>
					</lines>
				</class>
			</classes>
		</package>
	</packages>
</coverage>
