<?xml version="1.0" encoding="utf-8"?><testsuites name="pytest tests"><testsuite name="pytest" errors="0" failures="0" skipped="0" tests="63" time="2.287" timestamp="2026-06-03T22:17:03.914898+02:00" hostname="Ajgorinho"><testcase classname="auth_test.auth_utlis_test" name="test_password_hashing" time="0.027" /><testcase classname="auth_test.auth_utlis_test" name="test_verify_password_success" time="0.049" /><testcase classname="auth_test.auth_utlis_test" name="test_verify_password_fail" time="0.046" /><testcase classname="auth_test.auth_utlis_test" name="test_create_access_token_default_expiry" time="0.007" /><testcase classname="auth_test.auth_utlis_test" name="test_create_access_token_custom_expiry" time="0.000" /><testcase classname="auth_test.auth_utlis_test" name="test_create_preauth_token" time="0.000" /><testcase classname="auth_test.auth_utlis_test" name="test_create_refresh_token" time="0.000" /><testcase classname="auth_test.router_user_test" name="test_register_user_success" time="0.037" /><testcase classname="auth_test.router_user_test" name="test_register_user_duplicate" time="0.028" /><testcase classname="auth_test.router_user_test" name="test_login_invalid_credentials" time="0.006" /><testcase classname="auth_test.router_user_test" name="test_login_success_no_2fa" time="0.004" /><testcase classname="auth_test.router_user_test" name="test_login_2fa_required" time="0.004" /><testcase classname="auth_test.router_user_test" name="test_logout" time="0.005" /><testcase classname="nodes_test.cluster_logic_test" name="test_start_election_inactive" time="0.001" /><testcase classname="nodes_test.cluster_logic_test" name="test_start_election_empty_msgs" time="0.001" /><testcase classname="nodes_test.cluster_logic_test" name="test_start_election_with_target_nodes" time="0.001" /><testcase classname="nodes_test.cluster_logic_test" name="test_heartbeat_worker_as_leader" time="0.001" /><testcase classname="nodes_test.cluster_logic_test" name="test_heartbeat_worker_timeout" time="0.001" /><testcase classname="nodes_test.cluster_logic_test" name="test_callback_spam_detection" time="0.002" /><testcase classname="nodes_test.cluster_logic_test" name="test_callback_coordinator_msg" time="0.002" /><testcase classname="nodes_test.cluster_logic_test" name="test_callback_data_new_success" time="0.002" /><testcase classname="nodes_test.cluster_logic_test" name="test_callback_data_new_fail" time="0.002" /><testcase classname="nodes_test.cluster_logic_test" name="test_callback_data_ok_websocket" time="0.002" /><testcase classname="nodes_test.cluster_logic_test" name="test_callback_heartbeat_from_lower_node" time="0.002" /><testcase classname="nodes_test.messaging_test" name="test_send_message_active_status" time="0.001" /><testcase classname="nodes_test.messaging_test" name="test_send_message_inactive_status" time="0.001" /><testcase classname="nodes_test.node_process_test" name="test_middleware_invalid_key" time="0.005" /><testcase classname="nodes_test.node_process_test" name="test_middleware_valid_key" time="0.005" /><testcase classname="nodes_test.node_process_test" name="test_middleware_bypass_for_data_path" time="0.003" /><testcase classname="nodes_test.node_process_test" name="test_deactivate_node" time="0.004" /><testcase classname="nodes_test.node_process_test" name="test_activate_node" time="0.006" /><testcase classname="nodes_test.node_process_test" name="test_make_error_leader" time="0.004" /><testcase classname="nodes_test.node_process_test" name="test_make_error_leader_is_leader" time="0.003" /><testcase classname="nodes_test.node_process_test" name="test_make_error_spam" time="0.004" /><testcase classname="nodes_test.node_process_test" name="test_start_leader_error_execution" time="0.001" /><testcase classname="nodes_test.node_process_test" name="test_start_spam_error_execution" time="0.002" /><testcase classname="nodes_test.node_process_test" name="test_ws_client_rejected_when_inactive" time="0.005" /><testcase classname="nodes_test.node_process_test" name="test_ws_client_auth_failure" time="0.004" /><testcase classname="nodes_test.node_process_test" name="test_ws_client_get_data" time="0.004" /><testcase classname="nodes_test.node_process_test" name="test_ws_client_save_data_as_leader" time="0.004" /><testcase classname="nodes_test.node_process_test" name="test_ws_client_delete_data_as_leader" time="0.004" /><testcase classname="nodes_test.node_process_test" name="test_ws_client_save_data_as_follower" time="0.004" /><testcase classname="nodes_test.router_nodes_test" name="test_verify_user_invalid_api_key" time="0.004" /><testcase classname="nodes_test.router_nodes_test" name="test_verify_user_invalid_token" time="0.003" /><testcase classname="nodes_test.router_nodes_test" name="test_verify_user_success" time="0.003" /><testcase classname="nodes_test.router_nodes_test" name="test_get_all_nodes" time="0.004" /><testcase classname="nodes_test.router_nodes_test" name="test_get_node_info_not_found" time="0.004" /><testcase classname="nodes_test.router_nodes_test" name="test_get_node_info_success" time="0.004" /><testcase classname="nodes_test.router_nodes_test" name="test_deactivate_node_success" time="0.004" /><testcase classname="nodes_test.router_nodes_test" name="test_make_error_leader_success" time="0.004" /><testcase classname="nodes_test.router_nodes_test" name="test_make_error_invalid_type_with_node" time="0.003" /><testcase classname="nodes_test.router_nodes_test" name="test_create_node_already_running" time="0.004" /><testcase classname="nodes_test.router_nodes_test" name="test_create_node_success_linux" time="0.004" /><testcase classname="nodes_test.router_nodes_test" name="test_delete_node_not_found" time="0.004" /><testcase classname="nodes_test.router_nodes_test" name="test_delete_node_already_stopped" time="0.004" /><testcase classname="nodes_test.router_nodes_test" name="test_delete_node_success" time="0.005" /><testcase classname="nodes_test.state_test" name="test_get_node" time="0.002" /><testcase classname="nodes_test.state_test" name="test_add_nodes_db" time="0.002" /><testcase classname="nodes_test.state_test" name="test_remove_nodes_db" time="0.001" /><testcase classname="websockets_nodes_test.router_ws_nodes_test" name="test_ws_nodes_invalid_api_key" time="0.004" /><testcase classname="websockets_nodes_test.router_ws_nodes_test" name="test_ws_nodes_valid_connection_and_disconnect" time="0.004" /><testcase classname="websockets_nodes_test.router_ws_nodes_test" name="test_ws_frontend_invalid_token" time="0.004" /><testcase classname="websockets_nodes_test.router_ws_nodes_test" name="test_ws_frontend_valid_data_stream" time="0.004" /></testsuite></testsuites>