<?xml version="1.0" encoding="utf-8"?><testsuites name="pytest tests"><testsuite name="pytest" errors="0" failures="0" skipped="0" tests="87" time="2.672" timestamp="2026-06-03T22:44:31.227033+02:00" hostname="Ajgorinho"><testcase classname="tests.auth_test.auth_utlis_test" name="test_password_hashing" file="tests\auth_test\auth_utlis_test.py" line="14" time="0.027" /><testcase classname="tests.auth_test.auth_utlis_test" name="test_verify_password_success" file="tests\auth_test\auth_utlis_test.py" line="23" time="0.047" /><testcase classname="tests.auth_test.auth_utlis_test" name="test_verify_password_fail" file="tests\auth_test\auth_utlis_test.py" line="30" time="0.049" /><testcase classname="tests.auth_test.auth_utlis_test" name="test_create_access_token_default_expiry" file="tests\auth_test\auth_utlis_test.py" line="37" time="0.006" /><testcase classname="tests.auth_test.auth_utlis_test" name="test_create_access_token_custom_expiry" file="tests\auth_test\auth_utlis_test.py" line="48" time="0.001" /><testcase classname="tests.auth_test.auth_utlis_test" name="test_create_preauth_token" file="tests\auth_test\auth_utlis_test.py" line="59" time="0.001" /><testcase classname="tests.auth_test.auth_utlis_test" name="test_create_refresh_token" file="tests\auth_test\auth_utlis_test.py" line="70" time="0.001" /><testcase classname="tests.auth_test.router_user_test" name="test_login_success_no_2fa" file="tests\auth_test\router_user_test.py" line="64" time="0.039" /><testcase classname="tests.auth_test.router_user_test" name="test_login_wrong_credentials" file="tests\auth_test\router_user_test.py" line="76" time="0.005" /><testcase classname="tests.auth_test.router_user_test" name="test_login_requires_2fa" file="tests\auth_test\router_user_test.py" line="85" time="0.005" /><testcase classname="tests.auth_test.router_user_test" name="test_logout_success" file="tests\auth_test\router_user_test.py" line="103" time="0.006" /><testcase classname="tests.auth_test.router_user_test" name="test_register_success" file="tests\auth_test\router_user_test.py" line="118" time="0.031" /><testcase classname="tests.auth_test.router_user_test" name="test_register_duplicate" file="tests\auth_test\router_user_test.py" line="135" time="0.030" /><testcase classname="tests.auth_test.router_user_test" name="test_verify_2fa_success" file="tests\auth_test\router_user_test.py" line="148" time="0.006" /><testcase classname="tests.auth_test.router_user_test" name="test_verify_2fa_invalid_token" file="tests\auth_test\router_user_test.py" line="162" time="0.005" /><testcase classname="tests.auth_test.router_user_test" name="test_setup_2fa_success" file="tests\auth_test\router_user_test.py" line="173" time="0.005" /><testcase classname="tests.auth_test.router_user_test" name="test_setup_2fa_already_enabled" file="tests\auth_test\router_user_test.py" line="182" time="0.005" /><testcase classname="tests.auth_test.router_user_test" name="test_confirm_2fa_success" file="tests\auth_test\router_user_test.py" line="191" time="0.005" /><testcase classname="tests.auth_test.router_user_test" name="test_confirm_2fa_no_secret" file="tests\auth_test\router_user_test.py" line="203" time="0.005" /><testcase classname="tests.auth_test.router_user_test" name="test_refresh_token_success" file="tests\auth_test\router_user_test.py" line="212" time="0.005" /><testcase classname="tests.auth_test.router_user_test" name="test_refresh_token_blacklisted" file="tests\auth_test\router_user_test.py" line="227" time="0.005" /><testcase classname="tests.auth_test.router_user_test" name="test_update_username_success" file="tests\auth_test\router_user_test.py" line="240" time="0.006" /><testcase classname="tests.auth_test.router_user_test" name="test_update_username_duplicate" file="tests\auth_test\router_user_test.py" line="250" time="0.005" /><testcase classname="tests.auth_test.router_user_test" name="test_update_password_same_as_old" file="tests\auth_test\router_user_test.py" line="259" time="0.005" /><testcase classname="tests.auth_test.router_user_test" name="test_disable_totp_success" file="tests\auth_test\router_user_test.py" line="269" time="0.006" /><testcase classname="tests.nodes_test.cluster_logic_test" name="test_start_election_inactive" file="tests\nodes_test\cluster_logic_test.py" line="47" time="0.001" /><testcase classname="tests.nodes_test.cluster_logic_test" name="test_start_election_empty_msgs" file="tests\nodes_test\cluster_logic_test.py" line="58" time="0.001" /><testcase classname="tests.nodes_test.cluster_logic_test" name="test_start_election_with_target_nodes" file="tests\nodes_test\cluster_logic_test.py" line="70" time="0.001" /><testcase classname="tests.nodes_test.cluster_logic_test" name="test_heartbeat_worker_as_leader" file="tests\nodes_test\cluster_logic_test.py" line="85" time="0.001" /><testcase classname="tests.nodes_test.cluster_logic_test" name="test_heartbeat_worker_timeout" file="tests\nodes_test\cluster_logic_test.py" line="101" time="0.001" /><testcase classname="tests.nodes_test.cluster_logic_test" name="test_callback_spam_detection" file="tests\nodes_test\cluster_logic_test.py" line="120" time="0.002" /><testcase classname="tests.nodes_test.cluster_logic_test" name="test_callback_coordinator_msg" file="tests\nodes_test\cluster_logic_test.py" line="140" time="0.002" /><testcase classname="tests.nodes_test.cluster_logic_test" name="test_callback_data_new_success" file="tests\nodes_test\cluster_logic_test.py" line="155" time="0.002" /><testcase classname="tests.nodes_test.cluster_logic_test" name="test_callback_data_new_fail" file="tests\nodes_test\cluster_logic_test.py" line="175" time="0.002" /><testcase classname="tests.nodes_test.cluster_logic_test" name="test_callback_data_ok_websocket" file="tests\nodes_test\cluster_logic_test.py" line="191" time="0.002" /><testcase classname="tests.nodes_test.cluster_logic_test" name="test_callback_heartbeat_from_lower_node" file="tests\nodes_test\cluster_logic_test.py" line="207" time="0.002" /><testcase classname="tests.nodes_test.database_utils_test" name="test_add_data_to_db_async_success" file="tests\nodes_test\database_utils_test.py" line="35" time="0.004" /><testcase classname="tests.nodes_test.database_utils_test" name="test_add_data_to_db_async_exception" file="tests\nodes_test\database_utils_test.py" line="50" time="0.003" /><testcase classname="tests.nodes_test.database_utils_test" name="test_add_data_to_db_sync_no_loop" file="tests\nodes_test\database_utils_test.py" line="65" time="0.000" /><testcase classname="tests.nodes_test.database_utils_test" name="test_add_data_to_db_sync_success" file="tests\nodes_test\database_utils_test.py" line="71" time="0.001" /><testcase classname="tests.nodes_test.database_utils_test" name="test_delete_data_from_db_async_success" file="tests\nodes_test\database_utils_test.py" line="88" time="0.003" /><testcase classname="tests.nodes_test.database_utils_test" name="test_delete_data_from_db_async_not_found" file="tests\nodes_test\database_utils_test.py" line="108" time="0.002" /><testcase classname="tests.nodes_test.database_utils_test" name="test_delete_data_from_db_async_wrong_user" file="tests\nodes_test\database_utils_test.py" line="124" time="0.002" /><testcase classname="tests.nodes_test.database_utils_test" name="test_delete_data_from_db_async_exception" file="tests\nodes_test\database_utils_test.py" line="143" time="0.002" /><testcase classname="tests.nodes_test.database_utils_test" name="test_delete_data_from_db_sync_no_loop" file="tests\nodes_test\database_utils_test.py" line="157" time="0.000" /><testcase classname="tests.nodes_test.database_utils_test" name="test_delete_data_from_db_sync_success" file="tests\nodes_test\database_utils_test.py" line="162" time="0.001" /><testcase classname="tests.nodes_test.database_utils_test" name="test_get_read_data_async_success" file="tests\nodes_test\database_utils_test.py" line="178" time="0.003" /><testcase classname="tests.nodes_test.database_utils_test" name="test_get_read_data_async_exception" file="tests\nodes_test\database_utils_test.py" line="197" time="0.002" /><testcase classname="tests.nodes_test.messaging_test" name="test_send_message_active_status" file="tests\nodes_test\messaging_test.py" line="4" time="0.002" /><testcase classname="tests.nodes_test.messaging_test" name="test_send_message_inactive_status" file="tests\nodes_test\messaging_test.py" line="28" time="0.001" /><testcase classname="tests.nodes_test.node_process_test" name="test_middleware_invalid_key" file="tests\nodes_test\node_process_test.py" line="25" time="0.004" /><testcase classname="tests.nodes_test.node_process_test" name="test_middleware_valid_key" file="tests\nodes_test\node_process_test.py" line="34" time="0.005" /><testcase classname="tests.nodes_test.node_process_test" name="test_middleware_bypass_for_data_path" file="tests\nodes_test\node_process_test.py" line="42" time="0.003" /><testcase classname="tests.nodes_test.node_process_test" name="test_deactivate_node" file="tests\nodes_test\node_process_test.py" line="52" time="0.004" /><testcase classname="tests.nodes_test.node_process_test" name="test_activate_node" file="tests\nodes_test\node_process_test.py" line="62" time="0.007" /><testcase classname="tests.nodes_test.node_process_test" name="test_make_error_leader" file="tests\nodes_test\node_process_test.py" line="72" time="0.005" /><testcase classname="tests.nodes_test.node_process_test" name="test_make_error_leader_is_leader" file="tests\nodes_test\node_process_test.py" line="84" time="0.003" /><testcase classname="tests.nodes_test.node_process_test" name="test_make_error_spam" file="tests\nodes_test\node_process_test.py" line="94" time="0.004" /><testcase classname="tests.nodes_test.node_process_test" name="test_start_leader_error_execution" file="tests\nodes_test\node_process_test.py" line="108" time="0.001" /><testcase classname="tests.nodes_test.node_process_test" name="test_start_spam_error_execution" file="tests\nodes_test\node_process_test.py" line="119" time="0.002" /><testcase classname="tests.nodes_test.node_process_test" name="test_ws_client_rejected_when_inactive" file="tests\nodes_test\node_process_test.py" line="130" time="0.005" /><testcase classname="tests.nodes_test.node_process_test" name="test_ws_client_auth_failure" file="tests\nodes_test\node_process_test.py" line="141" time="0.004" /><testcase classname="tests.nodes_test.node_process_test" name="test_ws_client_get_data" file="tests\nodes_test\node_process_test.py" line="153" time="0.004" /><testcase classname="tests.nodes_test.node_process_test" name="test_ws_client_save_data_as_leader" file="tests\nodes_test\node_process_test.py" line="174" time="0.005" /><testcase classname="tests.nodes_test.node_process_test" name="test_ws_client_delete_data_as_leader" file="tests\nodes_test\node_process_test.py" line="196" time="0.004" /><testcase classname="tests.nodes_test.node_process_test" name="test_ws_client_save_data_as_follower" file="tests\nodes_test\node_process_test.py" line="216" time="0.004" /><testcase classname="tests.nodes_test.router_nodes_test" name="test_verify_user_invalid_api_key" file="tests\nodes_test\router_nodes_test.py" line="19" time="0.004" /><testcase classname="tests.nodes_test.router_nodes_test" name="test_verify_user_invalid_token" file="tests\nodes_test\router_nodes_test.py" line="28" time="0.003" /><testcase classname="tests.nodes_test.router_nodes_test" name="test_verify_user_success" file="tests\nodes_test\router_nodes_test.py" line="38" time="0.003" /><testcase classname="tests.nodes_test.router_nodes_test" name="test_get_all_nodes" file="tests\nodes_test\router_nodes_test.py" line="52" time="0.004" /><testcase classname="tests.nodes_test.router_nodes_test" name="test_get_node_info_not_found" file="tests\nodes_test\router_nodes_test.py" line="64" time="0.004" /><testcase classname="tests.nodes_test.router_nodes_test" name="test_get_node_info_success" file="tests\nodes_test\router_nodes_test.py" line="74" time="0.004" /><testcase classname="tests.nodes_test.router_nodes_test" name="test_deactivate_node_success" file="tests\nodes_test\router_nodes_test.py" line="97" time="0.004" /><testcase classname="tests.nodes_test.router_nodes_test" name="test_make_error_leader_success" file="tests\nodes_test\router_nodes_test.py" line="119" time="0.004" /><testcase classname="tests.nodes_test.router_nodes_test" name="test_make_error_invalid_type_with_node" file="tests\nodes_test\router_nodes_test.py" line="139" time="0.003" /><testcase classname="tests.nodes_test.router_nodes_test" name="test_create_node_already_running" file="tests\nodes_test\router_nodes_test.py" line="152" time="0.025" /><testcase classname="tests.nodes_test.router_nodes_test" name="test_create_node_success_linux" file="tests\nodes_test\router_nodes_test.py" line="166" time="0.004" /><testcase classname="tests.nodes_test.router_nodes_test" name="test_delete_node_not_found" file="tests\nodes_test\router_nodes_test.py" line="191" time="0.004" /><testcase classname="tests.nodes_test.router_nodes_test" name="test_delete_node_already_stopped" file="tests\nodes_test\router_nodes_test.py" line="201" time="0.004" /><testcase classname="tests.nodes_test.router_nodes_test" name="test_delete_node_success" file="tests\nodes_test\router_nodes_test.py" line="216" time="0.005" /><testcase classname="tests.nodes_test.state_test" name="test_get_node" file="tests\nodes_test\state_test.py" line="5" time="0.001" /><testcase classname="tests.nodes_test.state_test" name="test_add_nodes_db" file="tests\nodes_test\state_test.py" line="15" time="0.002" /><testcase classname="tests.nodes_test.state_test" name="test_remove_nodes_db" file="tests\nodes_test\state_test.py" line="22" time="0.001" /><testcase classname="tests.websockets_nodes_test.router_ws_nodes_test" name="test_ws_nodes_invalid_api_key" file="tests\websockets_nodes_test\router_ws_nodes_test.py" line="18" time="0.004" /><testcase classname="tests.websockets_nodes_test.router_ws_nodes_test" name="test_ws_nodes_valid_connection_and_disconnect" file="tests\websockets_nodes_test\router_ws_nodes_test.py" line="26" time="0.004" /><testcase classname="tests.websockets_nodes_test.router_ws_nodes_test" name="test_ws_frontend_invalid_token" file="tests\websockets_nodes_test\router_ws_nodes_test.py" line="38" time="0.004" /><testcase classname="tests.websockets_nodes_test.router_ws_nodes_test" name="test_ws_frontend_valid_data_stream" file="tests\websockets_nodes_test\router_ws_nodes_test.py" line="49" time="0.004" /></testsuite></testsuites>